[2026-03-26 17:38:05] level=100% usable=98% state=Disconnected V=0V A=0A range=71.23mi port=Off
[2026-03-26 17:38:05] ALERTS(6): BMS_u018_SOC_Imbalance_Limiting | CP_w041_doorSensorUnplugged | BMS_w017_SW_Brick_OV | BMS_f017_SW_Brick_OV | DI_u023_holdReleaseRqrd | GTW_w290_parkAssistTempFailure
[2026-03-26 17:39:06] level=100% usable=98% state=Disconnected V=0V A=0A range=71.23mi port=Off
[2026-03-26 17:40:06] level=100% usable=98% state=Disconnected V=0V A=0A range=71.23mi port=Off
[2026-03-26 17:41:06] level=100% usable=98% state=Disconnected V=0V A=0A range=71.23mi port=Off
[2026-03-26 17:42:10] level=100% usable=98% state=Disconnected V=0V A=0A range=71.23mi port=Off
[2026-03-26 17:43:10] level=100% usable=98% state=Disconnected V=0V A=0A range=71.23mi port=Off
[2026-03-26 17:44:11] level=100% usable=98% state=Disconnected V=0V A=0A range=71.23mi port=Off
[2026-03-26 17:45:11] level=100% usable=98% state=Disconnected V=0V A=0A range=71.23mi port=Off
[2026-03-26 17:46:12] level=100% usable=98% state=Disconnected V=0V A=0A range=71.23mi port=Off
[2026-03-26 17:47:12] level=100% usable=98% state=Disconnected V=0V A=0A range=71.23mi port=Off
[2026-03-26 17:48:12] level=100% usable=98% state=Disconnected V=0V A=0A range=71.23mi port=Off
[2026-03-26 17:48:12] ALERTS(6): BMS_u018_SOC_Imbalance_Limiting | CP_w041_doorSensorUnplugged | BMS_w017_SW_Brick_OV | BMS_f017_SW_Brick_OV | DI_u023_holdReleaseRqrd | GTW_w290_parkAssistTempFailure
[2026-03-26 17:49:14] level=100% usable=98% state=Disconnected V=0V A=0A range=71.23mi port=Off
[2026-03-26 17:50:14] level=100% usable=98% state=Disconnected V=0V A=0A range=71.23mi port=Off
[2026-03-26 17:51:14] level=100% usable=99% state=Disconnected V=0V A=0A range=71.45mi port=Off
[2026-03-26 17:52:15] level=100% usable=98% state=Disconnected V=0V A=0A range=70.81mi port=Off
[2026-03-26 17:53:16] level=100% usable=98% state=Disconnected V=0V A=0A range=70.81mi port=Off
[2026-03-26 17:54:16] level=100% usable=98% state=Disconnected V=0V A=0A range=70.81mi port=Off
[2026-03-26 17:55:18] level=100% usable=98% state=Disconnected V=0V A=0A range=70.81mi port=Off
[2026-03-26 17:56:18] level=100% usable=98% state=Disconnected V=0V A=0A range=70.81mi port=Off
[2026-03-26 17:57:21] level=100% usable=98% state=Disconnected V=0V A=0A range=70.81mi port=Off
[2026-03-26 17:58:21] level=100% usable=98% state=Disconnected V=0V A=0A range=70.81mi port=Off
[2026-03-26 17:58:21] ALERTS(6): BMS_u018_SOC_Imbalance_Limiting | CP_w041_doorSensorUnplugged | BMS_w017_SW_Brick_OV | BMS_f017_SW_Brick_OV | DI_u023_holdReleaseRqrd | GTW_w290_parkAssistTempFailure
[2026-03-26 17:59:21] level=100% usable=98% state=Disconnected V=0V A=0A range=70.81mi port=Off
[2026-03-26 18:00:22] level=100% usable=98% state=Disconnected V=0V A=0A range=70.81mi port=Off
[2026-03-26 18:01:22] level=100% usable=98% state=Disconnected V=0V A=0A range=70.81mi port=Off
[2026-03-26 18:02:23] level=100% usable=98% state=Disconnected V=0V A=0A range=70.81mi port=Off
[2026-03-26 18:03:23] level=100% usable=98% state=Disconnected V=0V A=0A range=70.81mi port=Off
[2026-03-26 18:04:23] level=100% usable=98% state=Disconnected V=0V A=0A range=70.81mi port=Off
[2026-03-26 18:05:24] level=100% usable=98% state=Disconnected V=0V A=0A range=70.81mi port=Off
[2026-03-26 18:06:24] level=100% usable=98% state=Disconnected V=0V A=0A range=70.81mi port=Off
[2026-03-26 18:07:26] level=100% usable=98% state=Disconnected V=0V A=0A range=70.81mi port=Off
[2026-03-26 18:08:26] level=100% usable=98% state=Disconnected V=0V A=0A range=70.81mi port=Off
[2026-03-26 18:08:26] ALERTS(6): BMS_u018_SOC_Imbalance_Limiting | CP_w041_doorSensorUnplugged | BMS_w017_SW_Brick_OV | BMS_f017_SW_Brick_OV | DI_u023_holdReleaseRqrd | GTW_w290_parkAssistTempFailure
[2026-03-26 18:09:26] level=100% usable=98% state=Disconnected V=0V A=0A range=70.81mi port=Off
[2026-03-26 18:10:27] level=100% usable=98% state=Disconnected V=0V A=0A range=70.81mi port=Off
[2026-03-26 18:11:27] level=100% usable=98% state=Disconnected V=0V A=0A range=70.81mi port=Off
[2026-03-26 18:12:27] level=100% usable=98% state=Disconnected V=0V A=0A range=70.81mi port=Off
[2026-03-26 18:13:28] level=100% usable=98% state=Disconnected V=0V A=0A range=70.81mi port=Off
[2026-03-26 18:14:29] level=100% usable=98% state=Disconnected V=0V A=0A range=70.81mi port=Off
[2026-03-26 18:15:29] level=100% usable=98% state=Disconnected V=0V A=0A range=70.81mi port=Off
[2026-03-26 18:16:29] level=100% usable=97% state=Disconnected V=0V A=0A range=70.17mi port=Off
[2026-03-26 18:17:30] level=100% usable=97% state=Disconnected V=0V A=0A range=70.17mi port=Off
[2026-03-26 18:18:30] level=100% usable=97% state=Disconnected V=0V A=0A range=70.17mi port=Off
[2026-03-26 18:18:30] ALERTS(6): BMS_u018_SOC_Imbalance_Limiting | CP_w041_doorSensorUnplugged | BMS_w017_SW_Brick_OV | BMS_f017_SW_Brick_OV | DI_u023_holdReleaseRqrd | GTW_w290_parkAssistTempFailure
[2026-03-26 18:19:32] level=100% usable=98% state=Disconnected V=0V A=0A range=70.39mi port=Off
[2026-03-26 18:20:32] level=100% usable=98% state=Disconnected V=0V A=0A range=70.39mi port=Off
[2026-03-26 18:21:32] level=100% usable=98% state=Disconnected V=0V A=0A range=70.39mi port=Off
[2026-03-26 18:22:32] level=100% usable=98% state=Disconnected V=0V A=0A range=70.39mi port=Off
[2026-03-26 18:23:33] level=100% usable=98% state=Disconnected V=0V A=0A range=70.39mi port=Off
[2026-03-26 18:24:33] level=100% usable=98% state=Disconnected V=0V A=0A range=70.39mi port=Off
[2026-03-26 18:25:34] level=100% usable=98% state=Disconnected V=0V A=0A range=70.39mi port=Off
[2026-03-26 18:26:34] level=100% usable=98% state=Disconnected V=0V A=0A range=70.39mi port=Off
[2026-03-26 18:27:34] level=100% usable=98% state=Disconnected V=0V A=0A range=70.39mi port=Off
[2026-03-26 18:28:35] level=100% usable=98% state=Disconnected V=0V A=0A range=70.39mi port=Off
[2026-03-26 18:28:35] ALERTS(6): BMS_u018_SOC_Imbalance_Limiting | CP_w041_doorSensorUnplugged | BMS_w017_SW_Brick_OV | BMS_f017_SW_Brick_OV | DI_u023_holdReleaseRqrd | GTW_w290_parkAssistTempFailure
[2026-03-26 18:29:35] level=100% usable=98% state=Disconnected V=0V A=0A range=70.39mi port=Off
[2026-03-26 18:30:35] level=100% usable=98% state=Disconnected V=0V A=0A range=70.39mi port=Off
[2026-03-26 18:31:37] level=100% usable=98% state=Disconnected V=0V A=0A range=70.39mi port=Off
[2026-03-26 18:32:37] level=100% usable=98% state=Disconnected V=0V A=0A range=70.39mi port=Off
[2026-03-26 18:33:37] level=100% usable=98% state=Disconnected V=0V A=0A range=70.39mi port=Off
[2026-03-26 18:34:38] level=100% usable=98% state=Disconnected V=0V A=0A range=70.39mi port=Off
[2026-03-26 18:35:38] level=100% usable=98% state=Disconnected V=0V A=0A range=70.39mi port=Off
[2026-03-26 18:36:38] level=100% usable=98% state=Disconnected V=0V A=0A range=70.39mi port=Off
[2026-03-26 18:37:38] level=100% usable=98% state=Disconnected V=0V A=0A range=70.39mi port=Off
[2026-03-26 18:38:39] level=100% usable=98% state=Disconnected V=0V A=0A range=70.39mi port=Off
[2026-03-26 18:38:39] ALERTS(6): BMS_u018_SOC_Imbalance_Limiting | CP_w041_doorSensorUnplugged | BMS_w017_SW_Brick_OV | BMS_f017_SW_Brick_OV | DI_u023_holdReleaseRqrd | GTW_w290_parkAssistTempFailure
[2026-03-26 18:39:39] level=100% usable=98% state=Disconnected V=0V A=0A range=70.39mi port=Off
[2026-03-26 18:40:39] level=100% usable=97% state=Disconnected V=0V A=0A range=69.75mi port=Off
[2026-03-26 18:41:40] level=100% usable=97% state=Disconnected V=0V A=0A range=69.75mi port=Off
[2026-03-26 18:42:41] level=100% usable=97% state=Disconnected V=0V A=0A range=69.75mi port=Off
[2026-03-26 18:43:41] level=100% usable=97% state=Disconnected V=0V A=0A range=69.75mi port=Off
[2026-03-26 18:44:41] level=100% usable=97% state=Disconnected V=0V A=0A range=69.75mi port=Off
[2026-03-26 18:45:42] level=100% usable=97% state=Disconnected V=0V A=0A range=69.75mi port=Off
[2026-03-26 18:46:44] level=100% usable=98% state=Disconnected V=0V A=0A range=69.97mi port=Off
[2026-03-26 18:47:44] level=100% usable=98% state=Disconnected V=0V A=0A range=69.97mi port=Off
[2026-03-26 18:48:44] level=100% usable=98% state=Disconnected V=0V A=0A range=69.97mi port=Off
[2026-03-26 18:48:44] ALERTS(5): MCU_w007_MapsMissing | BMS_u018_SOC_Imbalance_Limiting | CP_w041_doorSensorUnplugged | BMS_w017_SW_Brick_OV | BMS_f017_SW_Brick_OV
[2026-03-26 18:49:45] level=100% usable=98% state=Disconnected V=1V A=0A range=69.32mi port=Off
[2026-03-26 18:50:46] level=100% usable=98% state=Disconnected V=0V A=0A range=68.48mi port=Off
[2026-03-26 18:51:47] level=100% usable=97% state=Disconnected V=0V A=0A range=68.06mi port=Off
[2026-03-26 18:52:47] level=100% usable=97% state=Disconnected V=0V A=0A range=67.21mi port=Off
[2026-03-26 18:53:48] level=100% usable=98% state=Disconnected V=0V A=0A range=67.21mi port=Off
[2026-03-26 18:54:54] level=100% usable=97% state=Disconnected V=0V A=0A range=65.51mi port=Off
[2026-03-26 18:55:55] level=100% usable=97% state=Disconnected V=0V A=0A range=64.67mi port=Off
[2026-03-26 18:56:56] level=100% usable=97% state=Disconnected V=0V A=0A range=64.24mi port=Off
[2026-03-26 18:57:56] level=100% usable=97% state=Disconnected V=1V A=0A range=63.39mi port=Off
[2026-03-26 18:58:57] level=100% usable=97% state=Disconnected V=1V A=0A range=63.39mi port=Off
[2026-03-26 18:58:57] ALERTS(5): MCU_w007_MapsMissing | BMS_u018_SOC_Imbalance_Limiting | CP_w041_doorSensorUnplugged | BMS_w017_SW_Brick_OV | BMS_f017_SW_Brick_OV
[2026-03-26 18:59:57] level=100% usable=97% state=Disconnected V=0V A=0A range=63.39mi port=Off
[2026-03-26 19:00:58] level=100% usable=97% state=Disconnected V=0V A=0A range=63.39mi port=Off
[2026-03-26 19:01:58] level=100% usable=97% state=Disconnected V=0V A=0A range=63.39mi port=Off
[2026-03-26 19:02:59] level=100% usable=98% state=Disconnected V=1V A=0A range=63.65mi port=Off
[2026-03-26 19:03:59] level=100% usable=98% state=Disconnected V=1V A=0A range=63.65mi port=Off
[2026-03-26 19:04:59] level=100% usable=98% state=Disconnected V=0V A=0A range=63.65mi port=Off
[2026-03-26 19:06:08] level=100% usable=98% state=Disconnected V=0V A=0A range=63.65mi port=Off
[2026-03-26 19:07:08] level=100% usable=97% state=Disconnected V=0V A=0A range=62.97mi port=Off
[2026-03-26 19:08:09] level=100% usable=97% state=Disconnected V=0V A=0A range=62.97mi port=Off
[2026-03-26 19:09:09] level=100% usable=97% state=Disconnected V=0V A=0A range=62.97mi port=Off
[2026-03-26 19:09:09] ALERTS(5): MCU_w007_MapsMissing | BMS_u018_SOC_Imbalance_Limiting | CP_w041_doorSensorUnplugged | BMS_w017_SW_Brick_OV | BMS_f017_SW_Brick_OV
[2026-03-26 19:10:10] level=100% usable=97% state=Disconnected V=1V A=0A range=62.97mi port=Off
[2026-03-26 19:14:29] level=100% usable=97% state=Disconnected V=0V A=0A range=62.97mi port=Off
[2026-03-26 19:15:29] level=100% usable=97% state=Disconnected V=0V A=0A range=62.97mi port=Off
[2026-03-26 19:16:30] level=100% usable=97% state=Disconnected V=0V A=0A range=62.97mi port=Off
[2026-03-26 19:17:30] level=100% usable=98% state=Disconnected V=0V A=0A range=63.22mi port=Off
[2026-03-26 19:18:31] level=100% usable=98% state=Disconnected V=0V A=0A range=63.22mi port=Off
[2026-03-26 19:19:31] level=100% usable=98% state=Disconnected V=0V A=0A range=63.22mi port=Off
[2026-03-26 19:19:31] ALERTS(5): MCU_w007_MapsMissing | BMS_u018_SOC_Imbalance_Limiting | CP_w041_doorSensorUnplugged | BMS_w017_SW_Brick_OV | BMS_f017_SW_Brick_OV
[2026-03-26 19:20:32] level=100% usable=98% state=Disconnected V=0V A=0A range=63.22mi port=Off
[2026-03-26 19:21:32] level=100% usable=97% state=Disconnected V=0V A=0A range=62.54mi port=Off
[2026-03-26 19:22:34] level=100% usable=97% state=Disconnected V=0V A=0A range=62.54mi port=Off
[2026-03-26 19:23:35] level=100% usable=97% state=Disconnected V=0V A=0A range=62.54mi port=Off
[2026-03-26 19:24:35] level=100% usable=97% state=Disconnected V=0V A=0A range=62.54mi port=Off
[2026-03-26 19:25:35] level=100% usable=97% state=Disconnected V=0V A=0A range=62.54mi port=Off
[2026-03-26 19:26:36] level=100% usable=97% state=Disconnected V=0V A=0A range=62.54mi port=Off
[2026-03-26 19:27:37] level=100% usable=97% state=Disconnected V=0V A=0A range=62.54mi port=Off
[2026-03-26 19:28:38] level=100% usable=97% state=Disconnected V=0V A=0A range=62.54mi port=Off
[2026-03-26 19:29:40] level=100% usable=97% state=Disconnected V=0V A=0A range=62.54mi port=Off
[2026-03-26 19:29:40] ALERTS(5): MCU_w007_MapsMissing | BMS_u018_SOC_Imbalance_Limiting | CP_w041_doorSensorUnplugged | BMS_w017_SW_Brick_OV | BMS_f017_SW_Brick_OV
[2026-03-26 19:30:40] level=100% usable=97% state=Disconnected V=0V A=0A range=62.54mi port=Off
[2026-03-26 19:31:41] level=100% usable=97% state=Disconnected V=0V A=0A range=62.54mi port=Off
[2026-03-26 19:32:41] level=100% usable=97% state=Disconnected V=0V A=0A range=62.54mi port=Off
[2026-03-26 19:33:42] level=100% usable=97% state=Disconnected V=0V A=0A range=62.54mi port=Off
[2026-03-26 19:34:42] level=100% usable=97% state=Disconnected V=0V A=0A range=62.54mi port=Off
[2026-03-26 19:35:43] level=100% usable=97% state=Disconnected V=0V A=0A range=62.54mi port=Off
[2026-03-26 19:36:43] level=100% usable=97% state=Disconnected V=0V A=0A range=62.54mi port=Off
[2026-03-26 19:37:45] level=100% usable=97% state=Disconnected V=0V A=0A range=62.54mi port=Off
[2026-03-26 19:38:46] level=100% usable=97% state=Disconnected V=0V A=0A range=62.54mi port=Off
[2026-03-26 19:39:46] level=100% usable=97% state=Disconnected V=0V A=0A range=62.54mi port=Off
[2026-03-26 19:39:46] ALERTS(5): MCU_w007_MapsMissing | BMS_u018_SOC_Imbalance_Limiting | CP_w041_doorSensorUnplugged | BMS_w017_SW_Brick_OV | BMS_f017_SW_Brick_OV
[2026-03-26 19:40:47] level=100% usable=97% state=Disconnected V=0V A=0A range=62.54mi port=Off
[2026-03-26 19:41:49] level=100% usable=97% state=Disconnected V=0V A=0A range=62.54mi port=Off
[2026-03-26 19:42:50] level=100% usable=97% state=Disconnected V=0V A=0A range=62.54mi port=Off
[2026-03-26 19:43:50] level=100% usable=97% state=Disconnected V=0V A=0A range=62.54mi port=Off
[2026-03-26 19:44:51] level=100% usable=96% state=Disconnected V=0V A=0A range=61.86mi port=Off
[2026-03-26 19:45:53] level=100% usable=97% state=Disconnected V=0V A=0A range=62.12mi port=Off
[2026-03-26 19:46:53] level=100% usable=97% state=Disconnected V=0V A=0A range=62.12mi port=Off
[2026-03-26 19:47:55] level=100% usable=97% state=Disconnected V=0V A=0A range=62.12mi port=Off
[2026-03-26 19:48:55] level=100% usable=97% state=Disconnected V=0V A=0A range=62.12mi port=Off
[2026-03-26 19:49:57] level=100% usable=97% state=Disconnected V=0V A=0A range=62.12mi port=Off
[2026-03-26 19:49:57] ALERTS(5): MCU_w007_MapsMissing | BMS_u018_SOC_Imbalance_Limiting | CP_w041_doorSensorUnplugged | BMS_w017_SW_Brick_OV | BMS_f017_SW_Brick_OV
[2026-03-26 19:50:58] level=100% usable=97% state=Disconnected V=0V A=0A range=62.12mi port=Off
[2026-03-26 19:51:59] level=100% usable=97% state=Disconnected V=0V A=0A range=62.12mi port=Off
[2026-03-26 19:52:59] level=100% usable=97% state=Disconnected V=0V A=0A range=62.12mi port=Off
[2026-03-26 19:54:00] level=100% usable=97% state=Disconnected V=0V A=0A range=62.12mi port=Off
[2026-03-26 19:55:02] level=100% usable=97% state=Disconnected V=0V A=0A range=62.12mi port=Off
[2026-03-26 19:56:03] level=100% usable=97% state=Disconnected V=0V A=0A range=62.12mi port=Off
[2026-03-26 19:57:04] level=100% usable=97% state=Disconnected V=0V A=0A range=62.12mi port=Off
[2026-03-26 19:58:04] level=100% usable=97% state=Disconnected V=0V A=0A range=62.12mi port=Off
[2026-03-26 19:59:05] level=100% usable=97% state=Disconnected V=0V A=0A range=62.12mi port=Off
[2026-03-26 20:00:07] level=100% usable=97% state=Disconnected V=0V A=0A range=62.12mi port=Off
[2026-03-26 20:00:07] ALERTS(5): MCU_w007_MapsMissing | BMS_u018_SOC_Imbalance_Limiting | CP_w041_doorSensorUnplugged | BMS_w017_SW_Brick_OV | BMS_f017_SW_Brick_OV
[2026-03-26 20:01:08] level=100% usable=97% state=Disconnected V=0V A=0A range=62.12mi port=Off
[2026-03-26 20:02:09] level=100% usable=97% state=Disconnected V=0V A=0A range=62.12mi port=Off
[2026-03-26 20:03:10] level=100% usable=97% state=Disconnected V=0V A=0A range=62.12mi port=Off
[2026-03-26 20:04:11] level=100% usable=97% state=Disconnected V=0V A=0A range=62.12mi port=Off
[2026-03-26 20:05:12] level=100% usable=97% state=Disconnected V=0V A=0A range=62.12mi port=Off
[2026-03-26 20:06:13] level=100% usable=97% state=Disconnected V=0V A=0A range=62.12mi port=Off
[2026-03-26 20:07:15] level=100% usable=97% state=Disconnected V=0V A=0A range=62.12mi port=Off
[2026-03-26 20:08:17] level=100% usable=97% state=Disconnected V=0V A=0A range=62.12mi port=Off
[2026-03-26 20:09:17] level=100% usable=96% state=Disconnected V=0V A=0A range=61.44mi port=Off
[2026-03-26 20:10:18] level=100% usable=96% state=Disconnected V=0V A=0A range=61.44mi port=Off
[2026-03-26 20:10:18] ALERTS(5): MCU_w007_MapsMissing | BMS_u018_SOC_Imbalance_Limiting | CP_w041_doorSensorUnplugged | BMS_w017_SW_Brick_OV | BMS_f017_SW_Brick_OV
[2026-03-26 20:11:19] level=100% usable=96% state=Disconnected V=0V A=0A range=61.44mi port=Off
[2026-03-26 20:12:20] level=100% usable=96% state=Disconnected V=0V A=0A range=61.44mi port=Off
[2026-03-26 20:13:21] level=100% usable=96% state=Disconnected V=0V A=0A range=61.44mi port=Off
[2026-03-26 20:14:22] level=100% usable=96% state=Disconnected V=0V A=0A range=61.44mi port=Off
[2026-03-26 20:15:23] level=100% usable=96% state=Disconnected V=0V A=0A range=61.44mi port=Off
[2026-03-26 20:16:24] level=100% usable=97% state=Disconnected V=0V A=0A range=61.69mi port=Off
[2026-03-26 20:17:24] level=100% usable=97% state=Disconnected V=0V A=0A range=61.69mi port=Off
[2026-03-26 20:18:25] level=100% usable=97% state=Disconnected V=0V A=0A range=61.69mi port=Off
[2026-03-26 20:19:26] level=100% usable=97% state=Disconnected V=0V A=0A range=61.69mi port=Off
[2026-03-26 20:20:27] level=100% usable=97% state=Disconnected V=0V A=0A range=61.69mi port=Off
[2026-03-26 20:20:27] ALERTS(5): MCU_w007_MapsMissing | BMS_u018_SOC_Imbalance_Limiting | CP_w041_doorSensorUnplugged | BMS_w017_SW_Brick_OV | BMS_f017_SW_Brick_OV
[2026-03-26 20:21:28] level=100% usable=97% state=Disconnected V=0V A=0A range=61.69mi port=Off
[2026-03-26 20:22:28] level=100% usable=97% state=Disconnected V=0V A=0A range=61.69mi port=Off
[2026-03-26 20:23:29] level=100% usable=97% state=Disconnected V=0V A=0A range=61.69mi port=Off
[2026-03-26 20:24:38] level=100% usable=97% state=Disconnected V=0V A=0A range=61.69mi port=Off
[2026-03-26 20:25:38] level=100% usable=97% state=Disconnected V=0V A=0A range=61.69mi port=Off
[2026-03-26 20:26:39] level=100% usable=97% state=Disconnected V=0V A=0A range=61.69mi port=Off
[2026-03-26 20:27:41] level=100% usable=97% state=Disconnected V=0V A=0A range=61.69mi port=Off
[2026-03-26 20:28:43] level=100% usable=97% state=Disconnected V=0V A=0A range=61.69mi port=Off
[2026-03-26 20:29:44] level=100% usable=97% state=Disconnected V=0V A=0A range=61.69mi port=Off
[2026-03-26 20:30:44] level=100% usable=97% state=Disconnected V=0V A=0A range=61.69mi port=Off
[2026-03-26 20:30:44] ALERTS(5): MCU_w007_MapsMissing | BMS_u018_SOC_Imbalance_Limiting | CP_w041_doorSensorUnplugged | BMS_w017_SW_Brick_OV | BMS_f017_SW_Brick_OV
[2026-03-26 20:31:45] level=100% usable=97% state=Disconnected V=0V A=0A range=61.69mi port=Off
[2026-03-26 20:32:46] level=100% usable=97% state=Disconnected V=0V A=0A range=61.69mi port=Off
[2026-03-26 20:33:47] level=100% usable=97% state=Disconnected V=0V A=0A range=61.69mi port=Off
[2026-03-26 20:34:50] level=100% usable=96% state=Disconnected V=0V A=0A range=61.01mi port=Off
[2026-03-26 20:35:50] level=100% usable=96% state=Disconnected V=0V A=0A range=61.01mi port=Off
[2026-03-26 20:36:52] level=100% usable=96% state=Disconnected V=0V A=0A range=61.01mi port=Off
[2026-03-26 20:37:53] level=100% usable=96% state=Disconnected V=0V A=0A range=61.01mi port=Off
[2026-03-26 20:38:57] level=100% usable=96% state=Disconnected V=0V A=0A range=61.01mi port=Off
[2026-03-26 20:39:59] level=100% usable=96% state=Disconnected V=0V A=0A range=61.01mi port=Off
[2026-03-26 20:41:00] level=100% usable=96% state=Disconnected V=0V A=0A range=61.01mi port=Off
[2026-03-26 20:41:00] ALERTS(5): MCU_w007_MapsMissing | BMS_u018_SOC_Imbalance_Limiting | CP_w041_doorSensorUnplugged | BMS_w017_SW_Brick_OV | BMS_f017_SW_Brick_OV
[2026-03-26 20:42:01] level=100% usable=96% state=Disconnected V=0V A=0A range=61.01mi port=Off
[2026-03-26 20:43:02] level=100% usable=96% state=Disconnected V=0V A=0A range=61.01mi port=Off
[2026-03-26 20:44:02] level=100% usable=96% state=Disconnected V=0V A=0A range=61.01mi port=Off
[2026-03-26 20:45:03] level=100% usable=97% state=Disconnected V=0V A=0A range=62.12mi port=Off
[2026-03-26 20:46:05] level=100% usable=97% state=Disconnected V=0V A=0A range=62.97mi port=Off
[2026-03-26 20:47:06] level=100% usable=97% state=Disconnected V=0V A=0A range=63.39mi port=Off
[2026-03-26 20:48:08] level=100% usable=98% state=Disconnected V=0V A=0A range=73.13mi port=Off
[2026-03-26 20:49:09] level=100% usable=98% state=Disconnected V=0V A=0A range=74.39mi port=Off
[2026-03-26 20:50:10] level=100% usable=97% state=Disconnected V=0V A=0A range=71.86mi port=Off
[2026-03-26 20:51:11] level=100% usable=98% state=Disconnected V=0V A=0A range=73.55mi port=Off
[2026-03-26 20:51:11] ALERTS(5): MCU_w007_MapsMissing | BMS_u018_SOC_Imbalance_Limiting | CP_w041_doorSensorUnplugged | BMS_w017_SW_Brick_OV | BMS_f017_SW_Brick_OV
[2026-03-26 20:52:12] level=100% usable=97% state=Disconnected V=0V A=0A range=72.7mi port=Off
[2026-03-26 20:53:13] level=100% usable=98% state=Disconnected V=0V A=0A range=73.13mi port=Off
[2026-03-26 20:54:14] level=100% usable=98% state=Disconnected V=0V A=0A range=73.97mi port=Off
[2026-03-26 20:55:14] level=100% usable=98% state=Disconnected V=0V A=0A range=74.81mi port=Off
[2026-03-26 20:56:15] level=100% usable=98% state=Disconnected V=0V A=0A range=73.97mi port=Off
[2026-03-26 20:57:16] level=100% usable=98% state=Disconnected V=0V A=0A range=75.65mi port=Off
[2026-03-26 20:58:18] level=100% usable=98% state=Disconnected V=0V A=0A range=75.65mi port=Off
[2026-03-26 20:59:19] level=100% usable=98% state=Disconnected V=0V A=0A range=77.34mi port=Off
[2026-03-26 21:00:19] level=100% usable=98% state=Disconnected V=0V A=0A range=80.29mi port=Off
[2026-03-26 21:01:20] level=100% usable=98% state=Disconnected V=0V A=0A range=79.02mi port=Off
[2026-03-26 21:01:20] ALERTS(5): MCU_w007_MapsMissing | BMS_u018_SOC_Imbalance_Limiting | CP_w041_doorSensorUnplugged | BMS_w017_SW_Brick_OV | BMS_f017_SW_Brick_OV
[2026-03-26 21:02:20] level=100% usable=98% state=Disconnected V=0V A=0A range=79.02mi port=Off
[2026-03-26 21:03:22] level=100% usable=98% state=Disconnected V=0V A=0A range=79.02mi port=Off
[2026-03-26 21:04:23] level=100% usable=98% state=Disconnected V=0V A=0A range=79.02mi port=Off
[2026-03-26 21:05:24] level=100% usable=98% state=Disconnected V=0V A=0A range=79.44mi port=Off
[2026-03-26 21:06:25] level=100% usable=98% state=Disconnected V=0V A=0A range=82.81mi port=Off
[2026-03-26 21:07:27] level=100% usable=97% state=Disconnected V=0V A=0A range=70.59mi port=Off
[2026-03-26 21:08:27] level=100% usable=96% state=Disconnected V=0V A=0A range=60.58mi port=Off
[2026-03-26 21:09:29] level=100% usable=94% state=Disconnected V=0V A=0A range=51.94mi port=Off
[2026-03-26 21:10:29] level=100% usable=94% state=Disconnected V=0V A=0A range=51.94mi port=Off
[2026-03-26 21:11:30] level=100% usable=89% state=Disconnected V=0V A=0A range=36.05mi port=Off
[2026-03-26 21:11:30] ALERTS(9): BMS_w017_SW_Brick_OV | BMS_f017_SW_Brick_OV | MCU_w012_TPMS_systemFault | BMS_u018_SOC_Imbalance_Limiting | CP_w041_doorSensorUnplugged | GTW_w290_parkAssistTempFailure | BC_w005_leftHeadLightFail | DI_u023_holdReleaseRqrd | MCU_w007_MapsMissing
[2026-03-26 21:12:32] level=100% usable=89% state=Disconnected V=0V A=0A range=36.05mi port=Off
[2026-03-26 21:13:33] level=100% usable=89% state=Disconnected V=0V A=0A range=36.05mi port=Off
[2026-03-26 21:14:34] level=100% usable=0% state=Disconnected V=0V A=0A range=0.0mi port=Off
[2026-03-26 21:15:34] level=100% usable=0% state=Disconnected V=0V A=0A range=0.0mi port=Off
[2026-03-26 21:16:35] level=100% usable=0% state=Disconnected V=0V A=0A range=0.0mi port=Off
[2026-03-26 21:17:35] level=100% usable=0% state=Disconnected V=0V A=0A range=0.0mi port=Off
[2026-03-26 21:18:38] level=100% usable=0% state=Disconnected V=0V A=0A range=0.0mi port=Off
[2026-03-26 21:19:39] level=100% usable=0% state=Disconnected V=0V A=0A range=0.0mi port=Off
[2026-03-26 21:20:39] level=100% usable=74% state=Disconnected V=0V A=0A range=8.33mi port=Off
[2026-03-26 21:21:41] level=100% usable=72% state=Disconnected V=0V A=0A range=7.5mi port=Off
[2026-03-26 21:21:41] ALERTS(11): GTW_w370_noLVSupportSocTooLow | BMS_w098_HW_BMB_Over_Voltage | BMS_f098_HW_BMB_Over_Voltage | BMS_w017_SW_Brick_OV | BMS_f017_SW_Brick_OV | MCU_w012_TPMS_systemFault | BMS_u018_SOC_Imbalance_Limiting | CP_w041_doorSensorUnplugged | GTW_w290_parkAssistTempFailure | BC_w005_leftHeadLightFail | DI_u023_holdReleaseRqrd
[2026-03-26 21:22:41] level=100% usable=0% state=Disconnected V=0V A=0A range=0.0mi port=Off
[2026-03-26 21:23:42] level=100% usable=0% state=Disconnected V=0V A=0A range=0.0mi port=Off
[2026-03-26 21:24:43] level=100% usable=0% state=Disconnected V=0V A=0A range=0.0mi port=Off
[2026-03-26 21:25:44] level=100% usable=0% state=Disconnected V=0V A=0A range=0.0mi port=Off
[2026-03-26 21:26:45] level=100% usable=0% state=Disconnected V=0V A=0A range=0.0mi port=Off
[2026-03-26 21:27:46] level=100% usable=0% state=Disconnected V=0V A=0A range=0.0mi port=Off
[2026-03-26 21:28:47] level=100% usable=0% state=Disconnected V=0V A=0A range=0.0mi port=Off
[2026-03-26 21:29:48] level=100% usable=0% state=Disconnected V=0V A=0A range=0.0mi port=Off
[2026-03-26 21:30:50] level=100% usable=0% state=Disconnected V=0V A=0A range=0.0mi port=Off
[2026-03-26 21:31:53] level=100% usable=0% state=Disconnected V=0V A=0A range=0.0mi port=Off
[2026-03-26 21:31:53] ALERTS(11): BMS_f098_HW_BMB_Over_Voltage | GTW_w370_noLVSupportSocTooLow | BMS_w098_HW_BMB_Over_Voltage | BMS_w017_SW_Brick_OV | BMS_f017_SW_Brick_OV | MCU_w012_TPMS_systemFault | BMS_u018_SOC_Imbalance_Limiting | CP_w041_doorSensorUnplugged | GTW_w290_parkAssistTempFailure | BC_w005_leftHeadLightFail | DI_u023_holdReleaseRqrd
[2026-03-26 21:32:53] level=100% usable=0% state=Disconnected V=0V A=0A range=0.0mi port=Off
[2026-03-26 21:33:54] level=100% usable=0% state=Disconnected V=0V A=0A range=0.0mi port=Off
[2026-03-26 21:34:56] level=100% usable=0% state=Disconnected V=0V A=0A range=0.0mi port=Off
[2026-03-26 21:35:57] level=100% usable=0% state=Disconnected V=0V A=0A range=0.0mi port=Off
[2026-03-26 21:36:58] level=100% usable=0% state=Disconnected V=0V A=0A range=0.0mi port=Off
[2026-03-26 21:37:59] level=100% usable=0% state=Disconnected V=0V A=0A range=0.0mi port=Off
[2026-03-26 21:38:59] level=100% usable=0% state=Disconnected V=0V A=0A range=0.0mi port=Off
[2026-03-26 21:40:01] level=100% usable=0% state=Disconnected V=0V A=0A range=0.0mi port=Off
[2026-03-26 21:41:01] level=100% usable=0% state=Disconnected V=0V A=0A range=0.0mi port=Off
[2026-03-26 21:42:02] level=100% usable=0% state=Disconnected V=0V A=0A range=0.0mi port=Off
[2026-03-26 21:42:02] ALERTS(11): BMS_f098_HW_BMB_Over_Voltage | GTW_w370_noLVSupportSocTooLow | BMS_w098_HW_BMB_Over_Voltage | BMS_w017_SW_Brick_OV | BMS_f017_SW_Brick_OV | MCU_w012_TPMS_systemFault | BMS_u018_SOC_Imbalance_Limiting | CP_w041_doorSensorUnplugged | GTW_w290_parkAssistTempFailure | BC_w005_leftHeadLightFail | DI_u023_holdReleaseRqrd
[2026-03-26 21:43:03] level=100% usable=0% state=Disconnected V=0V A=0A range=0.0mi port=Off
[2026-03-26 21:44:04] level=100% usable=0% state=Disconnected V=0V A=0A range=0.0mi port=Off
[2026-03-26 21:45:06] level=100% usable=0% state=Disconnected V=0V A=0A range=0.0mi port=Off
[2026-03-26 21:46:07] level=100% usable=0% state=Disconnected V=0V A=0A range=0.0mi port=Off
[2026-03-26 21:47:08] level=100% usable=0% state=Disconnected V=0V A=0A range=0.0mi port=Off
[2026-03-26 21:48:09] level=100% usable=0% state=Disconnected V=0V A=0A range=0.0mi port=Off
[2026-03-26 21:49:10] level=100% usable=0% state=Disconnected V=0V A=0A range=0.0mi port=Off
[2026-03-26 21:50:12] level=100% usable=0% state=Disconnected V=0V A=0A range=0.0mi port=Off
[2026-03-26 21:51:13] level=100% usable=0% state=Disconnected V=0V A=0A range=0.0mi port=Off
[2026-03-26 21:52:14] level=100% usable=0% state=Disconnected V=0V A=0A range=0.0mi port=Off
[2026-03-26 21:52:14] ALERTS(10): BMS_f098_HW_BMB_Over_Voltage | GTW_w370_noLVSupportSocTooLow | BMS_w098_HW_BMB_Over_Voltage | BMS_w017_SW_Brick_OV | BMS_f017_SW_Brick_OV | MCU_w012_TPMS_systemFault | BMS_u018_SOC_Imbalance_Limiting | CP_w041_doorSensorUnplugged | GTW_w290_parkAssistTempFailure | BC_w005_leftHeadLightFail
[2026-03-26 21:53:16] level=100% usable=0% state=Disconnected V=0V A=0A range=0.0mi port=Off
[2026-03-26 21:54:17] level=100% usable=0% state=Disconnected V=0V A=0A range=0.0mi port=Off
[2026-03-26 21:55:18] level=100% usable=0% state=Complete V=0V A=0A range=0.0mi port=Green
[2026-03-26 21:56:18] level=100% usable=0% state=Complete V=0V A=0A range=0.0mi port=Green
[2026-03-26 21:57:19] level=100% usable=0% state=Complete V=0V A=0A range=0.0mi port=Off
[2026-03-26 21:58:19] level=100% usable=86% state=Complete V=0V A=0A range=33.93mi port=Off
[2026-03-26 21:59:21] level=100% usable=86% state=Complete V=0V A=0A range=33.93mi port=Off
[2026-03-26 22:00:22] level=100% usable=86% state=Complete V=0V A=0A range=33.93mi port=Off
[2026-03-26 22:01:23] level=100% usable=86% state=Complete V=0V A=0A range=33.93mi port=Off
[2026-03-26 22:02:24] level=100% usable=86% state=Complete V=0V A=0A range=33.93mi port=Green
[2026-03-26 22:02:24] ALERTS(11): CP_w041_doorSensorUnplugged | GTW_w042_cpMia | BMS_f098_HW_BMB_Over_Voltage | GTW_w370_noLVSupportSocTooLow | BMS_w098_HW_BMB_Over_Voltage | BMS_w017_SW_Brick_OV | BMS_f017_SW_Brick_OV | MCU_w012_TPMS_systemFault | BMS_u018_SOC_Imbalance_Limiting | GTW_w290_parkAssistTempFailure | BC_w005_leftHeadLightFail
[2026-03-26 22:03:25] level=100% usable=86% state=Complete V=0V A=0A range=33.93mi port=Green
[2026-03-26 22:04:26] level=100% usable=86% state=Complete V=0V A=0A range=33.93mi port=Green
[2026-03-26 22:05:26] level=100% usable=86% state=Complete V=0V A=0A range=33.93mi port=Off
[2026-03-26 22:06:28] level=100% usable=86% state=Complete V=0V A=0A range=33.93mi port=Off
[2026-03-26 22:07:29] level=100% usable=86% state=Complete V=0V A=0A range=33.93mi port=Off
[2026-03-26 22:08:35] level=100% usable=86% state=Complete V=0V A=0A range=33.93mi port=Off
[2026-03-26 22:09:36] level=100% usable=86% state=Complete V=0V A=0A range=33.93mi port=Off
[2026-03-26 22:10:36] level=100% usable=86% state=Complete V=0V A=0A range=33.93mi port=Off
[2026-03-26 22:11:37] level=100% usable=86% state=Complete V=0V A=0A range=33.93mi port=Off
[2026-03-26 22:12:38] level=100% usable=86% state=Complete V=0V A=0A range=33.93mi port=Off
[2026-03-26 22:12:38] ALERTS(11): CP_w041_doorSensorUnplugged | GTW_w042_cpMia | BMS_f098_HW_BMB_Over_Voltage | GTW_w370_noLVSupportSocTooLow | BMS_w098_HW_BMB_Over_Voltage | BMS_w017_SW_Brick_OV | BMS_f017_SW_Brick_OV | MCU_w012_TPMS_systemFault | BMS_u018_SOC_Imbalance_Limiting | GTW_w290_parkAssistTempFailure | BC_w005_leftHeadLightFail
[2026-03-26 22:13:40] level=100% usable=86% state=Complete V=0V A=0A range=33.93mi port=Off
[2026-03-26 22:14:40] level=100% usable=86% state=Complete V=0V A=0A range=33.93mi port=Off
[2026-03-26 22:15:41] level=100% usable=86% state=Complete V=0V A=0A range=33.93mi port=Off
[2026-03-26 22:16:43] level=100% usable=86% state=Complete V=0V A=0A range=33.93mi port=Off
[2026-03-26 22:17:43] level=100% usable=86% state=Complete V=0V A=0A range=33.93mi port=Off
[2026-03-26 22:18:46] level=100% usable=86% state=Complete V=0V A=0A range=33.93mi port=Off
[2026-03-26 22:19:47] level=100% usable=86% state=Complete V=0V A=0A range=33.93mi port=Off
[2026-03-26 22:20:49] level=100% usable=86% state=Complete V=0V A=0A range=33.93mi port=Off
[2026-03-26 22:21:50] level=100% usable=86% state=Complete V=0V A=0A range=33.93mi port=Off
[2026-03-26 22:22:51] level=100% usable=86% state=Complete V=0V A=0A range=33.93mi port=Off
[2026-03-26 22:22:51] ALERTS(11): CP_w041_doorSensorUnplugged | GTW_w042_cpMia | BMS_f098_HW_BMB_Over_Voltage | GTW_w370_noLVSupportSocTooLow | BMS_w098_HW_BMB_Over_Voltage | BMS_w017_SW_Brick_OV | BMS_f017_SW_Brick_OV | MCU_w012_TPMS_systemFault | BMS_u018_SOC_Imbalance_Limiting | GTW_w290_parkAssistTempFailure | BC_w005_leftHeadLightFail
[2026-03-26 22:23:52] level=100% usable=86% state=Complete V=0V A=0A range=33.93mi port=Off
[2026-03-26 22:24:52] level=100% usable=86% state=Complete V=0V A=0A range=33.93mi port=Off
[2026-03-26 22:25:53] level=100% usable=86% state=Complete V=0V A=0A range=33.93mi port=Off
[2026-03-26 22:26:53] level=100% usable=86% state=Complete V=0V A=0A range=33.93mi port=Off
[2026-03-26 22:27:54] level=100% usable=86% state=Complete V=0V A=0A range=33.93mi port=Off
[2026-03-26 22:28:54] level=100% usable=86% state=Complete V=0V A=0A range=33.93mi port=Off
[2026-03-26 22:29:55] level=100% usable=86% state=Complete V=0V A=0A range=33.93mi port=Off
[2026-03-26 22:30:56] level=100% usable=86% state=Complete V=0V A=0A range=33.93mi port=Off
[2026-03-26 22:31:56] level=100% usable=86% state=Complete V=0V A=0A range=33.93mi port=Off
[2026-03-26 22:32:57] level=100% usable=86% state=Complete V=0V A=0A range=33.93mi port=Off
[2026-03-26 22:32:57] ALERTS(10): CP_w041_doorSensorUnplugged | GTW_w042_cpMia | BMS_f098_HW_BMB_Over_Voltage | GTW_w370_noLVSupportSocTooLow | BMS_w098_HW_BMB_Over_Voltage | BMS_w017_SW_Brick_OV | BMS_f017_SW_Brick_OV | MCU_w012_TPMS_systemFault | BMS_u018_SOC_Imbalance_Limiting | GTW_w290_parkAssistTempFailure
[2026-03-26 22:33:59] level=100% usable=86% state=Complete V=0V A=0A range=33.93mi port=Off
[2026-03-26 22:35:00] level=100% usable=86% state=Complete V=0V A=0A range=33.93mi port=Off
[2026-03-26 22:36:01] level=100% usable=86% state=Complete V=0V A=0A range=33.93mi port=Off
[2026-03-26 22:37:01] level=100% usable=86% state=Complete V=0V A=0A range=33.93mi port=Off
[2026-03-26 22:38:02] level=100% usable=86% state=Complete V=0V A=0A range=33.93mi port=Off
[2026-03-26 22:39:02] level=100% usable=86% state=Complete V=0V A=0A range=33.93mi port=Off
[2026-03-26 22:40:03] level=100% usable=86% state=Complete V=0V A=0A range=33.93mi port=Off
[2026-03-26 22:41:04] level=100% usable=86% state=Complete V=0V A=0A range=33.93mi port=Off
[2026-03-26 22:42:06] level=100% usable=86% state=Complete V=0V A=0A range=33.93mi port=Off
[2026-03-26 22:43:07] level=100% usable=86% state=Complete V=0V A=0A range=33.93mi port=Off
[2026-03-26 22:43:07] ALERTS(10): CP_w041_doorSensorUnplugged | GTW_w042_cpMia | BMS_f098_HW_BMB_Over_Voltage | GTW_w370_noLVSupportSocTooLow | BMS_w098_HW_BMB_Over_Voltage | BMS_w017_SW_Brick_OV | BMS_f017_SW_Brick_OV | MCU_w012_TPMS_systemFault | BMS_u018_SOC_Imbalance_Limiting | GTW_w290_parkAssistTempFailure
[2026-03-26 22:44:08] level=100% usable=86% state=Complete V=0V A=0A range=33.93mi port=Off
[2026-03-26 22:45:09] level=100% usable=86% state=Complete V=0V A=0A range=33.93mi port=Off
[2026-03-26 22:46:10] level=100% usable=86% state=Complete V=0V A=0A range=33.93mi port=Off
[2026-03-26 22:47:11] level=100% usable=86% state=Complete V=0V A=0A range=33.93mi port=Off
[2026-03-26 22:48:12] level=100% usable=86% state=Complete V=0V A=0A range=33.93mi port=Off
[2026-03-26 22:49:13] level=100% usable=86% state=Complete V=0V A=0A range=33.93mi port=Off
[2026-03-26 22:50:14] level=100% usable=86% state=Complete V=0V A=0A range=33.93mi port=Off
[2026-03-26 22:51:15] level=100% usable=86% state=Complete V=0V A=0A range=33.93mi port=Off
[2026-03-26 22:52:16] level=100% usable=86% state=Complete V=0V A=0A range=33.93mi port=Off
[2026-03-26 22:53:16] level=100% usable=86% state=Complete V=0V A=0A range=33.93mi port=Off
[2026-03-26 22:53:16] ALERTS(10): CP_w041_doorSensorUnplugged | GTW_w042_cpMia | BMS_f098_HW_BMB_Over_Voltage | GTW_w370_noLVSupportSocTooLow | BMS_w098_HW_BMB_Over_Voltage | BMS_w017_SW_Brick_OV | BMS_f017_SW_Brick_OV | MCU_w012_TPMS_systemFault | BMS_u018_SOC_Imbalance_Limiting | GTW_w290_parkAssistTempFailure
[2026-03-26 22:54:18] level=100% usable=83% state=Complete V=0V A=0A range=32.8mi port=Off
[2026-03-26 22:55:18] level=100% usable=83% state=Complete V=0V A=0A range=32.8mi port=Off
[2026-03-26 22:56:18] level=100% usable=83% state=Complete V=0V A=0A range=32.8mi port=Off
[2026-03-26 22:57:19] level=100% usable=83% state=Complete V=0V A=0A range=32.8mi port=Off
[2026-03-26 22:58:20] level=100% usable=83% state=Complete V=0V A=0A range=32.8mi port=Off
[2026-03-26 22:59:21] level=100% usable=83% state=Complete V=0V A=0A range=32.8mi port=Off
[2026-03-26 23:00:21] level=100% usable=83% state=Complete V=0V A=0A range=32.8mi port=Off
[2026-03-26 23:01:22] level=100% usable=83% state=Complete V=0V A=0A range=32.8mi port=Off
[2026-03-26 23:02:23] level=100% usable=83% state=Complete V=0V A=0A range=32.8mi port=Off
[2026-03-26 23:03:24] level=100% usable=83% state=Complete V=0V A=0A range=32.8mi port=Off
[2026-03-26 23:03:24] ALERTS(10): CP_w041_doorSensorUnplugged | GTW_w042_cpMia | BMS_f098_HW_BMB_Over_Voltage | GTW_w370_noLVSupportSocTooLow | BMS_w098_HW_BMB_Over_Voltage | BMS_w017_SW_Brick_OV | BMS_f017_SW_Brick_OV | MCU_w012_TPMS_systemFault | BMS_u018_SOC_Imbalance_Limiting | GTW_w290_parkAssistTempFailure
[2026-03-26 23:04:24] level=100% usable=83% state=Complete V=0V A=0A range=32.8mi port=Off
[2026-03-26 23:05:26] level=100% usable=83% state=Complete V=0V A=0A range=32.8mi port=Off
[2026-03-26 23:06:26] level=100% usable=83% state=Complete V=0V A=0A range=32.8mi port=Off
[2026-03-26 23:07:27] level=100% usable=83% state=Complete V=0V A=0A range=32.8mi port=Off
[2026-03-26 23:08:28] level=100% usable=83% state=Complete V=0V A=0A range=32.8mi port=Off
[2026-03-26 23:09:28] level=100% usable=83% state=Complete V=0V A=0A range=32.8mi port=Off
[2026-03-26 23:10:29] level=100% usable=83% state=Complete V=0V A=0A range=32.8mi port=Off
[2026-03-26 23:11:29] level=100% usable=83% state=Complete V=0V A=0A range=32.8mi port=Off
[2026-03-26 23:12:30] level=100% usable=83% state=Complete V=0V A=0A range=32.8mi port=Off
[2026-03-26 23:13:31] level=100% usable=83% state=Complete V=0V A=0A range=32.8mi port=Off
[2026-03-26 23:13:31] ALERTS(9): CP_w041_doorSensorUnplugged | GTW_w042_cpMia | BMS_f098_HW_BMB_Over_Voltage | GTW_w370_noLVSupportSocTooLow | BMS_w098_HW_BMB_Over_Voltage | BMS_w017_SW_Brick_OV | BMS_f017_SW_Brick_OV | MCU_w012_TPMS_systemFault | BMS_u018_SOC_Imbalance_Limiting
[2026-03-26 23:14:32] level=100% usable=83% state=Complete V=0V A=0A range=32.8mi port=Off
[2026-03-26 23:15:34] level=100% usable=83% state=Complete V=0V A=0A range=32.8mi port=Off
[2026-03-26 23:16:35] level=100% usable=83% state=Complete V=0V A=0A range=32.8mi port=Off
[2026-03-26 23:17:35] level=100% usable=83% state=Complete V=0V A=0A range=32.8mi port=Off
[2026-03-26 23:18:36] level=100% usable=83% state=Complete V=0V A=0A range=32.8mi port=Off
[2026-03-26 23:19:37] level=100% usable=83% state=Complete V=0V A=0A range=32.8mi port=Off
[2026-03-26 23:20:37] level=100% usable=83% state=Complete V=0V A=0A range=32.8mi port=Off
[2026-03-26 23:21:38] level=100% usable=83% state=Complete V=0V A=0A range=32.8mi port=Off
[2026-03-26 23:22:39] level=100% usable=83% state=Complete V=0V A=0A range=32.8mi port=Off
[2026-03-26 23:23:40] level=100% usable=83% state=Complete V=0V A=0A range=32.8mi port=Off
[2026-03-26 23:23:40] ALERTS(9): CP_w041_doorSensorUnplugged | GTW_w042_cpMia | BMS_f098_HW_BMB_Over_Voltage | GTW_w370_noLVSupportSocTooLow | BMS_w098_HW_BMB_Over_Voltage | BMS_w017_SW_Brick_OV | BMS_f017_SW_Brick_OV | MCU_w012_TPMS_systemFault | BMS_u018_SOC_Imbalance_Limiting
[2026-03-26 23:24:41] level=100% usable=83% state=Complete V=0V A=0A range=32.8mi port=Off
[2026-03-26 23:25:41] level=100% usable=83% state=Complete V=0V A=0A range=32.8mi port=Off
[2026-03-26 23:26:42] level=100% usable=83% state=Complete V=0V A=0A range=32.8mi port=Off
[2026-03-26 23:27:43] level=100% usable=83% state=Complete V=0V A=0A range=32.8mi port=Off
[2026-03-26 23:28:44] level=100% usable=83% state=Complete V=0V A=0A range=32.8mi port=Off
[2026-03-26 23:29:44] level=100% usable=83% state=Complete V=0V A=0A range=32.8mi port=Off
[2026-03-26 23:30:45] level=100% usable=93% state=Complete V=0V A=0A range=49.41mi port=Off
[2026-03-26 23:31:45] level=100% usable=93% state=Complete V=0V A=0A range=49.41mi port=Off
[2026-03-26 23:32:46] level=100% usable=93% state=Complete V=0V A=0A range=49.41mi port=Off
[2026-03-26 23:33:46] level=100% usable=93% state=Complete V=0V A=0A range=49.41mi port=Off
[2026-03-26 23:33:46] ALERTS(9): CP_w041_doorSensorUnplugged | GTW_w042_cpMia | BMS_f098_HW_BMB_Over_Voltage | GTW_w370_noLVSupportSocTooLow | BMS_w098_HW_BMB_Over_Voltage | BMS_w017_SW_Brick_OV | BMS_f017_SW_Brick_OV | MCU_w012_TPMS_systemFault | BMS_u018_SOC_Imbalance_Limiting
[2026-03-26 23:34:47] level=100% usable=93% state=Complete V=0V A=0A range=49.41mi port=Off
[2026-03-26 23:35:48] level=100% usable=93% state=Complete V=0V A=0A range=49.41mi port=Off
[2026-03-26 23:36:50] level=100% usable=93% state=Complete V=0V A=0A range=49.41mi port=Off
[2026-03-26 23:37:50] level=100% usable=93% state=Complete V=0V A=0A range=49.41mi port=Off
[2026-03-26 23:38:52] level=100% usable=93% state=Complete V=0V A=0A range=49.41mi port=Off
[2026-03-26 23:39:52] level=100% usable=93% state=Complete V=0V A=0A range=49.41mi port=Off
[2026-03-26 23:40:53] level=100% usable=93% state=Complete V=0V A=0A range=49.41mi port=Off
[2026-03-26 23:41:54] level=100% usable=93% state=Complete V=0V A=0A range=49.41mi port=Off
[2026-03-26 23:42:55] level=100% usable=93% state=Complete V=0V A=0A range=49.41mi port=Off
[2026-03-26 23:43:55] level=100% usable=93% state=Complete V=0V A=0A range=49.41mi port=Off
[2026-03-26 23:43:55] ALERTS(8): CP_w041_doorSensorUnplugged | GTW_w042_cpMia | BMS_f098_HW_BMB_Over_Voltage | GTW_w370_noLVSupportSocTooLow | BMS_w098_HW_BMB_Over_Voltage | BMS_w017_SW_Brick_OV | BMS_f017_SW_Brick_OV | MCU_w012_TPMS_systemFault
[2026-03-26 23:44:57] level=100% usable=93% state=Complete V=0V A=0A range=49.41mi port=Off
[2026-03-26 23:45:57] level=100% usable=93% state=Complete V=0V A=0A range=49.41mi port=Off
[2026-03-26 23:46:58] level=100% usable=93% state=Complete V=0V A=0A range=49.41mi port=Off
[2026-03-26 23:47:59] level=100% usable=93% state=Complete V=0V A=0A range=49.41mi port=Off
[2026-03-26 23:49:00] level=100% usable=93% state=Complete V=0V A=0A range=49.41mi port=Off
[2026-03-26 23:50:01] level=100% usable=93% state=Complete V=0V A=0A range=49.41mi port=Off
[2026-03-26 23:51:01] level=100% usable=93% state=Complete V=0V A=0A range=49.41mi port=Off
[2026-03-26 23:52:02] level=100% usable=93% state=Complete V=0V A=0A range=49.41mi port=Off
[2026-03-26 23:53:02] level=100% usable=93% state=Complete V=0V A=0A range=49.41mi port=Off
[2026-03-26 23:54:03] level=100% usable=93% state=Complete V=0V A=0A range=49.41mi port=Off
[2026-03-26 23:54:03] ALERTS(8): CP_w041_doorSensorUnplugged | GTW_w042_cpMia | BMS_f098_HW_BMB_Over_Voltage | GTW_w370_noLVSupportSocTooLow | BMS_w098_HW_BMB_Over_Voltage | BMS_w017_SW_Brick_OV | BMS_f017_SW_Brick_OV | MCU_w012_TPMS_systemFault
[2026-03-26 23:55:03] level=100% usable=93% state=Complete V=0V A=0A range=49.41mi port=Off
[2026-03-26 23:56:05] level=100% usable=93% state=Complete V=0V A=0A range=49.41mi port=Off
[2026-03-26 23:57:06] level=100% usable=93% state=Complete V=0V A=0A range=49.41mi port=Off
[2026-03-26 23:58:06] level=100% usable=93% state=Complete V=0V A=0A range=49.41mi port=Off
[2026-03-26 23:59:07] level=100% usable=93% state=Complete V=0V A=0A range=49.41mi port=Off
[2026-03-27 00:00:07] level=100% usable=93% state=Complete V=0V A=0A range=49.41mi port=Off
[2026-03-27 00:01:08] level=100% usable=93% state=Complete V=0V A=0A range=49.41mi port=Off
[2026-03-27 00:02:09] level=100% usable=91% state=Complete V=0V A=0A range=48.63mi port=Off
[2026-03-27 00:03:11] level=100% usable=91% state=Complete V=0V A=0A range=48.63mi port=Off
[2026-03-27 00:04:11] level=100% usable=91% state=Complete V=0V A=0A range=48.63mi port=Off
[2026-03-27 00:04:11] ALERTS(7): BMS_w017_SW_Brick_OV | CP_w041_doorSensorUnplugged | GTW_w042_cpMia | BMS_f098_HW_BMB_Over_Voltage | GTW_w370_noLVSupportSocTooLow | BMS_w098_HW_BMB_Over_Voltage | BMS_f017_SW_Brick_OV
[2026-03-27 00:05:12] level=100% usable=91% state=Complete V=0V A=0A range=48.63mi port=Off
[2026-03-27 00:06:13] level=100% usable=91% state=Complete V=0V A=0A range=48.63mi port=Off
[2026-03-27 00:07:13] level=100% usable=91% state=Complete V=0V A=0A range=48.63mi port=Off
[2026-03-27 00:08:13] level=100% usable=91% state=Complete V=0V A=0A range=48.63mi port=Off
[2026-03-27 00:09:14] level=100% usable=91% state=Complete V=0V A=0A range=48.63mi port=Off
[2026-03-27 00:10:14] level=100% usable=91% state=Complete V=0V A=0A range=48.63mi port=Off
[2026-03-27 00:11:16] level=100% usable=91% state=Complete V=0V A=0A range=48.63mi port=Off
[2026-03-27 00:12:16] level=100% usable=91% state=Complete V=0V A=0A range=48.63mi port=Off
[2026-03-27 00:13:17] level=100% usable=91% state=Complete V=1V A=0A range=48.63mi port=Off
[2026-03-27 00:14:19] level=100% usable=91% state=Complete V=0V A=0A range=48.63mi port=Off
[2026-03-27 00:14:19] ALERTS(6): BMS_w017_SW_Brick_OV | CP_w041_doorSensorUnplugged | GTW_w042_cpMia | BMS_f098_HW_BMB_Over_Voltage | GTW_w370_noLVSupportSocTooLow | BMS_w098_HW_BMB_Over_Voltage
[2026-03-27 00:15:20] level=100% usable=91% state=Complete V=0V A=0A range=48.63mi port=Off
[2026-03-27 00:16:21] level=100% usable=91% state=Complete V=1V A=0A range=48.63mi port=Off
[2026-03-27 00:17:21] level=100% usable=91% state=Complete V=1V A=0A range=48.63mi port=Off
[2026-03-27 00:18:22] level=100% usable=93% state=Complete V=1V A=0A range=48.97mi port=Off
[2026-03-27 00:19:23] level=100% usable=93% state=Complete V=0V A=0A range=48.97mi port=Off
[2026-03-27 00:20:24] level=100% usable=93% state=Complete V=0V A=0A range=48.97mi port=Off
[2026-03-27 00:21:25] level=100% usable=93% state=Complete V=1V A=0A range=48.97mi port=Off
[2026-03-27 00:22:26] level=100% usable=91% state=Complete V=0V A=0A range=48.18mi port=Off
[2026-03-27 00:23:27] level=100% usable=91% state=Complete V=1V A=0A range=48.18mi port=Off
[2026-03-27 00:24:27] level=100% usable=91% state=Disconnected V=1V A=0A range=48.18mi port=White
[2026-03-27 00:24:27] ALERTS(6): BMS_w017_SW_Brick_OV | CP_w041_doorSensorUnplugged | GTW_w042_cpMia | BMS_f098_HW_BMB_Over_Voltage | GTW_w370_noLVSupportSocTooLow | BMS_w098_HW_BMB_Over_Voltage
[2026-03-27 00:26:37] level=100% usable=91% state=Complete V=1V A=0A range=48.18mi port=Green
[2026-03-27 00:27:38] level=100% usable=91% state=Complete V=1V A=0A range=48.18mi port=Off
[2026-03-27 00:28:39] level=100% usable=91% state=Complete V=1V A=0A range=48.18mi port=Off
[2026-03-27 00:29:40] level=100% usable=91% state=Complete V=1V A=0A range=48.18mi port=Off
[2026-03-27 00:30:41] level=100% usable=91% state=Complete V=0V A=0A range=48.18mi port=Off
[2026-03-27 00:31:43] level=100% usable=91% state=Complete V=0V A=0A range=48.18mi port=Off
[2026-03-27 00:32:44] level=100% usable=91% state=Complete V=0V A=0A range=48.18mi port=Off
[2026-03-27 00:33:45] level=100% usable=91% state=Complete V=0V A=0A range=48.18mi port=Off
[2026-03-27 00:34:45] level=100% usable=91% state=Complete V=0V A=0A range=48.18mi port=Off
[2026-03-27 00:34:45] ALERTS(5): BMS_w017_SW_Brick_OV | CP_w041_doorSensorUnplugged | GTW_w042_cpMia | BMS_f098_HW_BMB_Over_Voltage | GTW_w370_noLVSupportSocTooLow
[2026-03-27 00:35:46] level=100% usable=91% state=Complete V=1V A=0A range=48.18mi port=Off
[2026-03-27 00:36:46] level=100% usable=92% state=Complete V=1V A=0A range=51.31mi port=Off
[2026-03-27 00:37:48] level=100% usable=93% state=Complete V=1V A=0A range=57.03mi port=Off
[2026-03-27 00:38:50] level=100% usable=95% state=Complete V=0V A=0A range=62.04mi port=Off
[2026-03-27 00:39:50] level=100% usable=94% state=Complete V=0V A=0A range=63.1mi port=Off
[2026-03-27 00:40:50] level=100% usable=95% state=Complete V=1V A=0A range=65.9mi port=Off
[2026-03-27 00:41:51] level=100% usable=95% state=Complete V=0V A=0A range=72.1mi port=Off
[2026-03-27 00:42:52] level=100% usable=96% state=Complete V=1V A=0A range=76.97mi port=Off
[2026-03-27 00:43:52] level=100% usable=96% state=Complete V=0V A=0A range=80.36mi port=Off
[2026-03-27 00:44:53] level=100% usable=97% state=Complete V=0V A=0A range=85.01mi port=Off
[2026-03-27 00:44:53] ALERTS(4): BMS_w017_SW_Brick_OV | CP_w041_doorSensorUnplugged | GTW_w042_cpMia | BMS_f098_HW_BMB_Over_Voltage
[2026-03-27 00:45:54] level=100% usable=98% state=Complete V=1V A=0A range=91.48mi port=Off
[2026-03-27 00:46:55] level=100% usable=98% state=Complete V=0V A=0A range=92.74mi port=Off
[2026-03-27 00:47:55] level=100% usable=98% state=Complete V=1V A=0A range=100.3mi port=Off
[2026-03-27 00:48:56] level=100% usable=97% state=Complete V=1V A=0A range=101.01mi port=Off
[2026-03-27 00:49:57] level=100% usable=98% state=Complete V=1V A=0A range=103.65mi port=Off
[2026-03-27 00:50:57] level=100% usable=98% state=Complete V=1V A=0A range=107.42mi port=Off
[2026-03-27 00:51:58] level=100% usable=98% state=Complete V=1V A=0A range=108.68mi port=Off
[2026-03-27 00:52:58] level=100% usable=98% state=Complete V=1V A=0A range=112.45mi port=Off
[2026-03-27 00:53:59] level=100% usable=99% state=Complete V=1V A=0A range=113.4mi port=Off
[2026-03-27 00:55:00] level=100% usable=98% state=Complete V=1V A=0A range=114.13mi port=Off
[2026-03-27 00:55:00] ALERTS(4): BMS_w017_SW_Brick_OV | CP_w041_doorSensorUnplugged | GTW_w042_cpMia | BMS_f098_HW_BMB_Over_Voltage
[2026-03-27 00:56:02] level=100% usable=98% state=Complete V=1V A=0A range=117.06mi port=Off
[2026-03-27 00:57:02] level=100% usable=98% state=Complete V=1V A=0A range=119.46mi port=Off
[2026-03-27 00:58:03] level=97% usable=96% state=Complete V=1V A=0A range=122.74mi port=Off
[2026-03-27 00:59:04] level=96% usable=95% state=Complete V=0V A=0A range=124.14mi port=Off
[2026-03-27 01:00:04] level=94% usable=93% state=Complete V=1V A=0A range=128.16mi port=Off
[2026-03-27 01:01:05] level=94% usable=93% state=Complete V=1V A=0A range=127.4mi port=Off
[2026-03-27 01:02:06] level=94% usable=92% state=Complete V=1V A=0A range=128.92mi port=Off
[2026-03-27 01:03:06] level=92% usable=90% state=Complete V=1V A=0A range=131.33mi port=Off
[2026-03-27 01:04:08] level=91% usable=90% state=Complete V=1V A=0A range=132.53mi port=Off
[2026-03-27 01:05:08] level=89% usable=88% state=Complete V=1V A=0A range=133.71mi port=Off
[2026-03-27 01:05:08] ALERTS(4): BMS_w017_SW_Brick_OV | CP_w041_doorSensorUnplugged | GTW_w042_cpMia | BMS_f098_HW_BMB_Over_Voltage
[2026-03-27 01:06:09] level=89% usable=88% state=Complete V=1V A=0A range=134.13mi port=Off
[2026-03-27 01:07:09] level=90% usable=89% state=Complete V=1V A=0A range=134.63mi port=Off
[2026-03-27 01:08:11] level=89% usable=88% state=Complete V=1V A=0A range=135.41mi port=Off
[2026-03-27 01:09:11] level=88% usable=87% state=Complete V=1V A=0A range=136.77mi port=Off
[2026-03-27 01:10:12] level=87% usable=86% state=Complete V=1V A=0A range=136.99mi port=Off
[2026-03-27 01:11:13] level=88% usable=87% state=Complete V=1V A=0A range=136.7mi port=Off
[2026-03-27 01:12:13] level=87% usable=86% state=Complete V=1V A=0A range=138.14mi port=Off
[2026-03-27 01:14:44] level=86% usable=85% state=Complete V=1V A=0A range=138.73mi port=Off
[2026-03-27 01:15:45] level=86% usable=85% state=Complete V=1V A=0A range=138.31mi port=Off
[2026-03-27 01:15:45] ALERTS(4): BMS_w017_SW_Brick_OV | CP_w041_doorSensorUnplugged | GTW_w042_cpMia | BMS_f098_HW_BMB_Over_Voltage
[2026-03-27 01:16:46] level=85% usable=85% state=Complete V=0V A=0A range=139.46mi port=Off
[2026-03-27 01:17:46] level=86% usable=85% state=Complete V=1V A=0A range=139.1mi port=Off
[2026-03-27 01:18:47] level=85% usable=85% state=Complete V=1V A=0A range=139.89mi port=Off
[2026-03-27 01:19:48] level=85% usable=84% state=Complete V=1V A=0A range=140.56mi port=Off
[2026-03-27 01:20:49] level=84% usable=84% state=Complete V=1V A=0A range=141.73mi port=Off
[2026-03-27 01:21:49] level=84% usable=84% state=Complete V=1V A=0A range=141.73mi port=Off
[2026-03-27 01:22:50] level=84% usable=83% state=Complete V=1V A=0A range=142.52mi port=Off
[2026-03-27 01:23:52] level=84% usable=84% state=Complete V=1V A=0A range=141.73mi port=Off
[2026-03-27 01:24:52] level=84% usable=83% state=Complete V=1V A=0A range=142.83mi port=Off
[2026-03-27 01:25:58] level=84% usable=83% state=Complete V=1V A=0A range=143.63mi port=Off
[2026-03-27 01:25:58] ALERTS(4): BMS_w017_SW_Brick_OV | CP_w041_doorSensorUnplugged | GTW_w042_cpMia | BMS_f098_HW_BMB_Over_Voltage
[2026-03-27 01:26:58] level=83% usable=83% state=Complete V=1V A=0A range=144.86mi port=Off
[2026-03-27 01:27:59] level=83% usable=83% state=Complete V=1V A=0A range=143.57mi port=Off
[2026-03-27 01:29:00] level=83% usable=82% state=Complete V=1V A=0A range=143.89mi port=Off
[2026-03-27 01:30:00] level=82% usable=82% state=Complete V=0V A=0A range=145.81mi port=Off
[2026-03-27 01:31:01] level=83% usable=82% state=Complete V=1V A=0A range=145.49mi port=Off
[2026-03-27 01:32:01] level=83% usable=82% state=Complete V=1V A=0A range=145.49mi port=Off
[2026-03-27 01:33:02] level=82% usable=81% state=Complete V=1V A=0A range=146.18mi port=Off
[2026-03-27 01:34:02] level=82% usable=82% state=Complete V=1V A=0A range=146.24mi port=Off
[2026-03-27 01:35:03] level=82% usable=81% state=Complete V=1V A=0A range=147.42mi port=Off
[2026-03-27 01:36:04] level=82% usable=81% state=Complete V=1V A=0A range=147.42mi port=Off
[2026-03-27 01:36:04] ALERTS(4): BMS_w017_SW_Brick_OV | CP_w041_doorSensorUnplugged | GTW_w042_cpMia | BMS_f098_HW_BMB_Over_Voltage
[2026-03-27 01:37:05] level=82% usable=81% state=Complete V=1V A=0A range=148.22mi port=Off
[2026-03-27 01:38:05] level=82% usable=81% state=Complete V=1V A=0A range=148.54mi port=Off
[2026-03-27 01:39:06] level=82% usable=81% state=Complete V=1V A=0A range=149.4mi port=Off
[2026-03-27 01:40:06] level=82% usable=81% state=Complete V=1V A=0A range=149.35mi port=Off
[2026-03-27 01:41:08] level=82% usable=81% state=Complete V=1V A=0A range=148.97mi port=Off
[2026-03-27 01:42:08] level=82% usable=81% state=Complete V=1V A=0A range=149.83mi port=Off
[2026-03-27 01:43:09] level=82% usable=81% state=Complete V=1V A=0A range=149.35mi port=Off
[2026-03-27 01:44:09] level=80% usable=79% state=Complete V=1V A=0A range=155.28mi port=Off
[2026-03-27 01:45:10] level=81% usable=80% state=Complete V=0V A=0A range=150.1mi port=Off
[2026-03-27 01:47:30] level=81% usable=80% state=Complete V=0V A=0A range=150.91mi port=Off
[2026-03-27 01:48:31] level=81% usable=80% state=Complete V=1V A=0A range=150.91mi port=Off
[2026-03-27 01:49:32] level=81% usable=80% state=Complete V=1V A=0A range=151.34mi port=Off
[2026-03-27 01:50:32] level=81% usable=80% state=Complete V=1V A=0A range=152.2mi port=Off
[2026-03-27 01:51:33] level=81% usable=80% state=Complete V=1V A=0A range=152.1mi port=Off
[2026-03-27 01:52:34] level=81% usable=80% state=Complete V=1V A=0A range=152.53mi port=Off
[2026-03-27 01:53:34] level=81% usable=80% state=Complete V=1V A=0A range=152.47mi port=Off
[2026-03-27 01:54:34] level=81% usable=80% state=Complete V=0V A=0A range=152.85mi port=Off
[2026-03-27 01:55:35] level=80% usable=79% state=Complete V=1V A=0A range=154.42mi port=Off
[2026-03-27 01:56:36] level=80% usable=79% state=Complete V=1V A=0A range=154.42mi port=Off
[2026-03-27 01:56:36] ALERTS(4): BMS_w017_SW_Brick_OV | CP_w041_doorSensorUnplugged | GTW_w042_cpMia | BMS_f098_HW_BMB_Over_Voltage
[2026-03-27 01:57:37] level=80% usable=79% state=Complete V=1V A=0A range=154.33mi port=Off
[2026-03-27 01:58:38] level=80% usable=79% state=Complete V=1V A=0A range=154.8mi port=Off
[2026-03-27 01:59:38] level=80% usable=79% state=Complete V=1V A=0A range=154.38mi port=Off
[2026-03-27 02:00:40] level=80% usable=79% state=Complete V=0V A=0A range=154.38mi port=Off
[2026-03-27 02:01:40] level=80% usable=79% state=Complete V=0V A=0A range=155.14mi port=Off
[2026-03-27 02:02:41] level=80% usable=79% state=Complete V=1V A=0A range=155.14mi port=Off
[2026-03-27 02:03:42] level=80% usable=79% state=Complete V=1V A=0A range=155.57mi port=Off
[2026-03-27 02:04:42] level=79% usable=78% state=Complete V=1V A=0A range=156.67mi port=Off
[2026-03-27 02:05:43] level=80% usable=79% state=Complete V=0V A=0A range=155.95mi port=Off
[2026-03-27 02:06:43] level=79% usable=79% state=Complete V=1V A=0A range=156.33mi port=Off
[2026-03-27 02:06:43] ALERTS(4): BMS_u018_SOC_Imbalance_Limiting | BMS_w017_SW_Brick_OV | CP_w041_doorSensorUnplugged | GTW_w042_cpMia
[2026-03-27 02:07:44] level=79% usable=78% state=Complete V=0V A=0A range=157.91mi port=Off
[2026-03-27 02:08:45] level=79% usable=78% state=Complete V=1V A=0A range=157.86mi port=Off
[2026-03-27 02:09:45] level=79% usable=78% state=Complete V=1V A=0A range=157.86mi port=Off
[2026-03-27 02:10:46] level=79% usable=78% state=Complete V=1V A=0A range=158.25mi port=Off
[2026-03-27 02:11:49] level=79% usable=78% state=Complete V=1V A=0A range=158.68mi port=Off
[2026-03-27 02:12:49] level=78% usable=78% state=Complete V=1V A=0A range=158.97mi port=Off
[2026-03-27 02:13:51] level=78% usable=78% state=Complete V=1V A=0A range=159.87mi port=Off
[2026-03-27 02:14:52] level=78% usable=78% state=Complete V=1V A=0A range=159.83mi port=Off
[2026-03-27 02:15:52] level=78% usable=78% state=Complete V=0V A=0A range=159.83mi port=Off
[2026-03-27 02:16:56] level=78% usable=77% state=Complete V=1V A=0A range=159.78mi port=Off
[2026-03-27 02:16:56] ALERTS(4): BMS_u018_SOC_Imbalance_Limiting | BMS_w017_SW_Brick_OV | CP_w041_doorSensorUnplugged | GTW_w042_cpMia
[2026-03-27 02:17:58] level=78% usable=78% state=Complete V=0V A=0A range=159.83mi port=Off
[2026-03-27 02:19:00] level=78% usable=78% state=Complete V=1V A=0A range=160.21mi port=Off
[2026-03-27 02:20:02] level=78% usable=78% state=Complete V=1V A=0A range=160.21mi port=Off
[2026-03-27 02:21:03] level=78% usable=77% state=Complete V=0V A=0A range=160.6mi port=Off
[2026-03-27 02:22:05] level=78% usable=77% state=Complete V=1V A=0A range=160.17mi port=Off
[2026-03-27 02:23:06] level=78% usable=77% state=Complete V=1V A=0A range=160.56mi port=Off
[2026-03-27 02:24:07] level=78% usable=77% state=Complete V=0V A=0A range=160.94mi port=Off
[2026-03-27 02:25:08] level=78% usable=77% state=Complete V=1V A=0A range=161.33mi port=Off
[2026-03-27 02:26:09] level=78% usable=77% state=Complete V=0V A=0A range=161.33mi port=Off
[2026-03-27 02:27:12] level=77% usable=77% state=Complete V=1V A=0A range=161.76mi port=Off
[2026-03-27 02:27:12] ALERTS(4): BMS_u018_SOC_Imbalance_Limiting | BMS_w017_SW_Brick_OV | CP_w041_doorSensorUnplugged | GTW_w042_cpMia
[2026-03-27 02:28:14] level=78% usable=77% state=Complete V=0V A=0A range=161.71mi port=Off
[2026-03-27 02:29:15] level=77% usable=77% state=Complete V=1V A=0A range=161.67mi port=Off
[2026-03-27 02:30:18] level=77% usable=76% state=Complete V=0V A=0A range=162.87mi port=Off
[2026-03-27 02:31:19] level=77% usable=76% state=Complete V=0V A=0A range=162.79mi port=Off
[2026-03-27 02:32:20] level=77% usable=76% state=Complete V=1V A=0A range=163.22mi port=Off
[2026-03-27 02:33:22] level=77% usable=76% state=Complete V=0V A=0A range=163.22mi port=Off
[2026-03-27 02:34:24] level=77% usable=76% state=Complete V=0V A=0A range=163.26mi port=Off
[2026-03-27 02:35:25] level=77% usable=76% state=Complete V=0V A=0A range=163.69mi port=Off
[2026-03-27 02:36:25] level=77% usable=76% state=Complete V=0V A=0A range=163.61mi port=Off
[2026-03-27 02:37:28] level=77% usable=76% state=Complete V=0V A=0A range=163.65mi port=Off
[2026-03-27 02:37:28] ALERTS(4): BMS_u018_SOC_Imbalance_Limiting | BMS_w017_SW_Brick_OV | CP_w041_doorSensorUnplugged | GTW_w042_cpMia
[2026-03-27 02:38:29] level=77% usable=76% state=Complete V=0V A=0A range=164.04mi port=Off
[2026-03-27 02:39:30] level=77% usable=76% state=Complete V=0V A=0A range=164.86mi port=Off
[2026-03-27 02:40:31] level=76% usable=76% state=Complete V=1V A=0A range=164.43mi port=Off
[2026-03-27 02:41:32] level=77% usable=76% state=Complete V=0V A=0A range=164.38mi port=Off
[2026-03-27 02:42:33] level=77% usable=76% state=Complete V=0V A=0A range=164.38mi port=Off
[2026-03-27 02:43:35] level=76% usable=76% state=Complete V=0V A=0A range=163.95mi port=Off
[2026-03-27 02:44:35] level=77% usable=76% state=Complete V=0V A=0A range=164.0mi port=Off
[2026-03-27 02:45:37] level=77% usable=76% state=Complete V=0V A=0A range=164.81mi port=Off
[2026-03-27 02:46:40] level=76% usable=76% state=Complete V=0V A=0A range=164.77mi port=Off
[2026-03-27 02:47:42] level=76% usable=76% state=Complete V=0V A=0A range=164.77mi port=Off
[2026-03-27 02:47:42] ALERTS(4): BMS_u018_SOC_Imbalance_Limiting | BMS_w017_SW_Brick_OV | CP_w041_doorSensorUnplugged | GTW_w042_cpMia
[2026-03-27 02:48:43] level=76% usable=76% state=Complete V=0V A=0A range=164.77mi port=Off
[2026-03-27 02:49:45] level=76% usable=76% state=Complete V=0V A=0A range=165.16mi port=Off
[2026-03-27 02:50:46] level=76% usable=76% state=Complete V=0V A=0A range=165.16mi port=Off
[2026-03-27 02:51:49] level=76% usable=75% state=Complete V=0V A=0A range=165.51mi port=Off
[2026-03-27 02:52:50] level=76% usable=75% state=Complete V=0V A=0A range=165.51mi port=Off
[2026-03-27 02:53:51] level=76% usable=75% state=Complete V=0V A=0A range=165.08mi port=Off
[2026-03-27 02:54:51] level=76% usable=76% state=Complete V=0V A=0A range=165.55mi port=Off
[2026-03-27 02:55:52] level=76% usable=75% state=Complete V=0V A=0A range=165.94mi port=Off
[2026-03-27 02:56:53] level=76% usable=75% state=Complete V=0V A=0A range=165.9mi port=Off
[2026-03-27 02:57:53] level=76% usable=75% state=Complete V=0V A=0A range=165.9mi port=Off
[2026-03-27 02:57:53] ALERTS(4): BMS_u018_SOC_Imbalance_Limiting | BMS_w017_SW_Brick_OV | CP_w041_doorSensorUnplugged | GTW_w042_cpMia
[2026-03-27 02:58:56] level=76% usable=75% state=Complete V=0V A=0A range=165.51mi port=Off
[2026-03-27 02:59:59] level=76% usable=75% state=Complete V=0V A=0A range=165.94mi port=Off
[2026-03-27 03:01:00] level=76% usable=75% state=Complete V=0V A=0A range=165.9mi port=Off
[2026-03-27 03:02:01] level=76% usable=75% state=Complete V=0V A=0A range=166.33mi port=Off
[2026-03-27 03:03:03] level=76% usable=75% state=Complete V=0V A=0A range=165.9mi port=Off
[2026-03-27 03:04:04] level=76% usable=75% state=Complete V=0V A=0A range=165.94mi port=Off
[2026-03-27 03:05:06] level=76% usable=75% state=Complete V=0V A=0A range=166.29mi port=Off
[2026-03-27 03:06:09] level=76% usable=75% state=Complete V=0V A=0A range=166.25mi port=Off
[2026-03-27 03:07:10] level=76% usable=75% state=Complete V=0V A=0A range=166.72mi port=Off
[2026-03-27 03:08:10] level=76% usable=75% state=Complete V=0V A=0A range=166.68mi port=Off
[2026-03-27 03:08:10] ALERTS(4): BMS_u018_SOC_Imbalance_Limiting | BMS_w017_SW_Brick_OV | CP_w041_doorSensorUnplugged | GTW_w042_cpMia
[2026-03-27 03:09:14] level=75% usable=75% state=Complete V=0V A=0A range=167.07mi port=Off
[2026-03-27 03:10:17] level=75% usable=75% state=Complete V=0V A=0A range=167.03mi port=Off
[2026-03-27 03:11:18] level=75% usable=75% state=Complete V=0V A=0A range=166.99mi port=Off
[2026-03-27 03:12:22] level=75% usable=75% state=Complete V=0V A=0A range=166.6mi port=Off
[2026-03-27 03:13:22] level=75% usable=75% state=Complete V=0V A=0A range=167.07mi port=Off
[2026-03-27 03:14:24] level=75% usable=75% state=Complete V=0V A=0A range=167.07mi port=Off
[2026-03-27 03:15:25] level=75% usable=75% state=Complete V=0V A=0A range=166.6mi port=Off
[2026-03-27 03:16:29] level=75% usable=75% state=Complete V=0V A=0A range=167.03mi port=Off
[2026-03-27 03:17:30] level=75% usable=75% state=Complete V=0V A=0A range=167.42mi port=Off
[2026-03-27 03:18:31] level=75% usable=75% state=Complete V=0V A=0A range=167.42mi port=Off
[2026-03-27 03:18:31] ALERTS(3): BMS_u018_SOC_Imbalance_Limiting | BMS_w017_SW_Brick_OV | CP_w041_doorSensorUnplugged
[2026-03-27 03:19:33] level=75% usable=75% state=Complete V=0V A=0A range=167.81mi port=Off
[2026-03-27 03:20:37] level=75% usable=74% state=Complete V=0V A=0A range=168.56mi port=Off
[2026-03-27 03:21:39] level=75% usable=74% state=Complete V=0V A=0A range=168.52mi port=Off
[2026-03-27 03:22:40] level=75% usable=74% state=Complete V=0V A=0A range=168.56mi port=Off
[2026-03-27 03:23:41] level=75% usable=74% state=Complete V=0V A=0A range=169.38mi port=Off
[2026-03-27 03:24:44] level=75% usable=74% state=Complete V=0V A=0A range=168.91mi port=Off
[2026-03-27 03:25:47] level=75% usable=74% state=Complete V=0V A=0A range=168.99mi port=Off
[2026-03-27 03:26:47] level=75% usable=74% state=Complete V=0V A=0A range=168.17mi port=Off
[2026-03-27 03:27:48] level=75% usable=74% state=Complete V=0V A=0A range=168.99mi port=Off
[2026-03-27 03:28:48] level=75% usable=74% state=Complete V=0V A=0A range=168.95mi port=Off
[2026-03-27 03:28:48] ALERTS(3): BMS_u018_SOC_Imbalance_Limiting | BMS_w017_SW_Brick_OV | CP_w041_doorSensorUnplugged
[2026-03-27 03:29:49] level=75% usable=74% state=Complete V=0V A=0A range=169.34mi port=Off
[2026-03-27 03:30:49] level=74% usable=74% state=Complete V=0V A=0A range=169.27mi port=Off
[2026-03-27 03:31:50] level=74% usable=74% state=Complete V=0V A=0A range=169.7mi port=Off
[2026-03-27 03:32:50] level=74% usable=74% state=Complete V=0V A=0A range=169.7mi port=Off
[2026-03-27 03:33:52] level=74% usable=74% state=Complete V=0V A=0A range=169.66mi port=Off
[2026-03-27 03:34:53] level=74% usable=74% state=Complete V=0V A=0A range=169.7mi port=Off
[2026-03-27 03:35:55] level=74% usable=74% state=Complete V=0V A=0A range=169.7mi port=Off
[2026-03-27 03:36:55] level=74% usable=74% state=Complete V=0V A=0A range=169.23mi port=Off
[2026-03-27 03:37:57] level=74% usable=74% state=Complete V=0V A=0A range=169.7mi port=Off
[2026-03-27 03:38:58] level=74% usable=74% state=Complete V=0V A=0A range=169.7mi port=Off
[2026-03-27 03:38:58] ALERTS(2): BMS_u018_SOC_Imbalance_Limiting | BMS_w017_SW_Brick_OV
[2026-03-27 03:40:00] level=74% usable=74% state=Complete V=0V A=0A range=170.05mi port=Off
[2026-03-27 03:41:01] level=74% usable=74% state=Complete V=0V A=0A range=170.05mi port=Off
[2026-03-27 03:42:02] level=74% usable=73% state=Complete V=0V A=0A range=170.44mi port=Off
[2026-03-27 03:43:02] level=74% usable=73% state=Complete V=0V A=0A range=171.27mi port=Off
[2026-03-27 03:44:05] level=74% usable=73% state=Complete V=0V A=0A range=171.16mi port=Off
[2026-03-27 03:45:07] level=73% usable=73% state=Complete V=0V A=0A range=171.55mi port=Off
[2026-03-27 03:46:07] level=73% usable=73% state=Complete V=0V A=0A range=171.55mi port=Off
[2026-03-27 03:47:08] level=74% usable=73% state=Complete V=0V A=0A range=171.98mi port=Off
[2026-03-27 03:48:10] level=73% usable=73% state=Complete V=0V A=0A range=171.95mi port=Off
[2026-03-27 03:49:11] level=73% usable=73% state=Complete V=0V A=0A range=171.95mi port=Off
[2026-03-27 03:49:11] ALERTS(2): BMS_u018_SOC_Imbalance_Limiting | BMS_w017_SW_Brick_OV
[2026-03-27 03:50:12] level=73% usable=73% state=Complete V=0V A=0A range=171.95mi port=Off
[2026-03-27 03:51:13] level=74% usable=73% state=Complete V=0V A=0A range=171.55mi port=Off
[2026-03-27 03:52:14] level=73% usable=73% state=Complete V=0V A=0A range=171.55mi port=Off
[2026-03-27 03:53:16] level=73% usable=73% state=Complete V=0V A=0A range=171.55mi port=Off
[2026-03-27 03:54:17] level=74% usable=73% state=Complete V=0V A=0A range=171.98mi port=Off
[2026-03-27 03:55:18] level=74% usable=73% state=Complete V=0V A=0A range=171.98mi port=Off
[2026-03-27 03:56:18] level=73% usable=73% state=Complete V=0V A=0A range=171.55mi port=Off
[2026-03-27 03:57:19] level=73% usable=73% state=Complete V=0V A=0A range=171.95mi port=Off
[2026-03-27 03:58:20] level=73% usable=73% state=Complete V=0V A=0A range=171.95mi port=Off
[2026-03-27 03:59:20] level=73% usable=73% state=Complete V=0V A=0A range=171.95mi port=Off
[2026-03-27 03:59:20] ALERTS(2): BMS_u018_SOC_Imbalance_Limiting | BMS_w017_SW_Brick_OV
[2026-03-27 04:00:21] level=73% usable=73% state=Complete V=0V A=0A range=171.91mi port=Off
[2026-03-27 04:01:22] level=73% usable=73% state=Complete V=0V A=0A range=172.38mi port=Off
[2026-03-27 04:02:23] level=74% usable=73% state=Complete V=0V A=0A range=171.52mi port=Off
[2026-03-27 04:03:24] level=74% usable=73% state=Complete V=0V A=0A range=171.52mi port=Off
[2026-03-27 04:04:26] level=74% usable=73% state=Complete V=0V A=0A range=171.52mi port=Off
[2026-03-27 04:05:26] level=74% usable=73% state=Complete V=0V A=0A range=171.59mi port=Off
[2026-03-27 04:06:27] level=74% usable=73% state=Complete V=0V A=0A range=170.76mi port=Off
[2026-03-27 04:07:27] level=74% usable=73% state=Complete V=0V A=0A range=171.16mi port=Off
[2026-03-27 04:08:28] level=74% usable=73% state=Complete V=0V A=0A range=171.52mi port=Off
[2026-03-27 04:09:28] level=74% usable=73% state=Complete V=0V A=0A range=171.16mi port=Off
[2026-03-27 04:09:28] ALERTS(2): BMS_u018_SOC_Imbalance_Limiting | BMS_w017_SW_Brick_OV
[2026-03-27 04:10:29] level=74% usable=73% state=Complete V=0V A=0A range=171.12mi port=Off
[2026-03-27 04:11:29] level=73% usable=73% state=Complete V=0V A=0A range=171.08mi port=Off
[2026-03-27 04:12:30] level=73% usable=73% state=Complete V=0V A=0A range=171.95mi port=Off
[2026-03-27 04:13:31] level=73% usable=73% state=Complete V=0V A=0A range=171.91mi port=Off
[2026-03-27 04:14:32] level=73% usable=73% state=Complete V=0V A=0A range=171.91mi port=Off
[2026-03-27 04:15:33] level=73% usable=73% state=Complete V=0V A=0A range=171.95mi port=Off
[2026-03-27 04:16:33] level=73% usable=72% state=Complete V=0V A=0A range=171.87mi port=Off
[2026-03-27 04:17:34] level=73% usable=73% state=Complete V=0V A=0A range=172.3mi port=Off
[2026-03-27 04:18:36] level=73% usable=73% state=Complete V=0V A=0A range=172.3mi port=Off
[2026-03-27 04:19:37] level=73% usable=72% state=Complete V=0V A=0A range=172.27mi port=Off
[2026-03-27 04:19:37] ALERTS(2): BMS_u018_SOC_Imbalance_Limiting | BMS_w017_SW_Brick_OV
[2026-03-27 04:20:39] level=73% usable=72% state=Complete V=0V A=0A range=172.27mi port=Off
[2026-03-27 04:21:39] level=73% usable=72% state=Complete V=0V A=0A range=172.27mi port=Off
[2026-03-27 04:22:40] level=73% usable=72% state=Complete V=0V A=0A range=172.23mi port=Off
[2026-03-27 04:23:41] level=73% usable=72% state=Complete V=0V A=0A range=172.23mi port=Off
[2026-03-27 04:24:43] level=73% usable=72% state=Complete V=0V A=0A range=172.7mi port=Off
[2026-03-27 04:25:44] level=73% usable=72% state=Complete V=0V A=0A range=172.66mi port=Off
[2026-03-27 04:26:44] level=73% usable=72% state=Complete V=0V A=0A range=172.27mi port=Off
[2026-03-27 04:27:44] level=73% usable=72% state=Complete V=0V A=0A range=172.27mi port=Off
[2026-03-27 04:28:45] level=73% usable=72% state=Complete V=0V A=0A range=172.7mi port=Off
[2026-03-27 04:29:46] level=73% usable=72% state=Complete V=0V A=0A range=172.66mi port=Off
[2026-03-27 04:29:46] ALERTS(2): BMS_u018_SOC_Imbalance_Limiting | BMS_w017_SW_Brick_OV
[2026-03-27 04:30:46] level=73% usable=72% state=Complete V=0V A=0A range=172.66mi port=Off
[2026-03-27 04:31:47] level=73% usable=72% state=Complete V=0V A=0A range=172.66mi port=Off
[2026-03-27 04:33:57] level=73% usable=72% state=Complete V=0V A=0A range=172.66mi port=Off
[2026-03-27 04:34:58] level=73% usable=72% state=Complete V=0V A=0A range=172.66mi port=Off
[2026-03-27 04:35:59] level=73% usable=72% state=Complete V=0V A=0A range=172.63mi port=Off
[2026-03-27 04:37:00] level=73% usable=72% state=Complete V=0V A=0A range=172.66mi port=Off
[2026-03-27 04:38:01] level=73% usable=72% state=Complete V=0V A=0A range=172.2mi port=Off
[2026-03-27 04:39:05] level=73% usable=72% state=Complete V=0V A=0A range=172.23mi port=Off
[2026-03-27 04:40:06] level=73% usable=72% state=Complete V=0V A=0A range=172.23mi port=Off
[2026-03-27 04:40:06] ALERTS(2): BMS_u018_SOC_Imbalance_Limiting | BMS_w017_SW_Brick_OV
[2026-03-27 04:41:06] level=73% usable=72% state=Complete V=0V A=0A range=172.23mi port=Off
[2026-03-27 04:42:07] level=73% usable=72% state=Complete V=0V A=0A range=172.2mi port=Off
[2026-03-27 04:43:08] level=73% usable=72% state=Complete V=0V A=0A range=172.23mi port=Off
[2026-03-27 04:44:09] level=73% usable=72% state=Complete V=0V A=0A range=172.23mi port=Off
[2026-03-27 04:45:10] level=73% usable=72% state=Complete V=0V A=0A range=172.23mi port=Off
[2026-03-27 04:46:11] level=73% usable=72% state=Complete V=0V A=0A range=172.23mi port=Off
[2026-03-27 04:47:12] level=73% usable=72% state=Complete V=0V A=0A range=172.2mi port=Off
[2026-03-27 04:48:14] level=73% usable=72% state=Complete V=0V A=0A range=172.23mi port=Off
[2026-03-27 04:49:15] level=73% usable=72% state=Complete V=0V A=0A range=172.2mi port=Off
[2026-03-27 04:50:17] level=73% usable=72% state=Complete V=0V A=0A range=172.66mi port=Off
[2026-03-27 04:50:17] ALERTS(2): BMS_u018_SOC_Imbalance_Limiting | BMS_w017_SW_Brick_OV
[2026-03-27 04:51:19] level=73% usable=72% state=Complete V=0V A=0A range=172.2mi port=Off
[2026-03-27 04:52:21] level=73% usable=72% state=Complete V=0V A=0A range=172.2mi port=Off
[2026-03-27 04:53:22] level=73% usable=72% state=Complete V=0V A=0A range=172.23mi port=Off
[2026-03-27 04:54:22] level=73% usable=72% state=Complete V=0V A=0A range=172.23mi port=Off
[2026-03-27 04:55:23] level=73% usable=72% state=Complete V=0V A=0A range=172.2mi port=Off
[2026-03-27 04:56:25] level=73% usable=72% state=Complete V=0V A=0A range=171.84mi port=Off
[2026-03-27 04:57:27] level=73% usable=72% state=Complete V=0V A=0A range=171.41mi port=Off
[2026-03-27 04:58:27] level=73% usable=72% state=Complete V=0V A=0A range=171.41mi port=Off
[2026-03-27 04:59:28] level=73% usable=72% state=Complete V=0V A=0A range=171.41mi port=Off
[2026-03-27 05:00:29] level=73% usable=72% state=Complete V=0V A=0A range=171.8mi port=Off
[2026-03-27 05:00:29] ALERTS(2): BMS_u018_SOC_Imbalance_Limiting | BMS_w017_SW_Brick_OV
[2026-03-27 05:01:32] level=73% usable=72% state=Complete V=0V A=0A range=171.8mi port=Off
[2026-03-27 05:02:33] level=73% usable=72% state=Complete V=0V A=0A range=171.8mi port=Off
[2026-03-27 05:03:34] level=73% usable=72% state=Complete V=0V A=0A range=171.84mi port=Off
[2026-03-27 05:04:36] level=73% usable=72% state=Complete V=0V A=0A range=171.84mi port=Off
[2026-03-27 05:05:36] level=73% usable=72% state=Complete V=0V A=0A range=171.8mi port=Off
[2026-03-27 05:06:37] level=73% usable=72% state=Complete V=0V A=0A range=171.8mi port=Off
[2026-03-27 05:07:38] level=73% usable=72% state=Complete V=0V A=0A range=171.8mi port=Off
[2026-03-27 05:08:38] level=73% usable=72% state=Complete V=0V A=0A range=171.8mi port=Off
[2026-03-27 05:09:39] level=73% usable=72% state=Complete V=0V A=0A range=171.84mi port=Off
[2026-03-27 05:10:40] level=73% usable=72% state=Complete V=0V A=0A range=171.37mi port=Off
[2026-03-27 05:10:40] ALERTS(2): BMS_u018_SOC_Imbalance_Limiting | BMS_w017_SW_Brick_OV
[2026-03-27 05:11:41] level=73% usable=72% state=Complete V=0V A=0A range=171.8mi port=Off
[2026-03-27 05:12:42] level=73% usable=72% state=Complete V=0V A=0A range=171.37mi port=Off
[2026-03-27 05:13:44] level=73% usable=72% state=Complete V=0V A=0A range=171.84mi port=Off
[2026-03-27 05:14:45] level=73% usable=72% state=Complete V=0V A=0A range=171.8mi port=Off
[2026-03-27 05:15:47] level=73% usable=72% state=Complete V=0V A=0A range=171.37mi port=Off
[2026-03-27 05:16:50] level=73% usable=72% state=Complete V=0V A=0A range=171.8mi port=Off
[2026-03-27 05:17:51] level=73% usable=72% state=Complete V=0V A=0A range=171.8mi port=Off
[2026-03-27 05:18:53] level=73% usable=72% state=Complete V=0V A=0A range=171.77mi port=Off
[2026-03-27 05:19:55] level=73% usable=72% state=Complete V=0V A=0A range=171.77mi port=Off
[2026-03-27 05:20:56] level=73% usable=72% state=Complete V=0V A=0A range=171.77mi port=Off
[2026-03-27 05:20:56] ALERTS(2): BMS_u018_SOC_Imbalance_Limiting | BMS_w017_SW_Brick_OV
[2026-03-27 05:21:57] level=73% usable=72% state=Complete V=0V A=0A range=171.77mi port=Off
[2026-03-27 05:23:05] level=73% usable=72% state=Complete V=0V A=0A range=172.2mi port=Off
[2026-03-27 05:24:06] level=73% usable=72% state=Complete V=0V A=0A range=171.73mi port=Off
[2026-03-27 05:25:09] level=73% usable=72% state=Complete V=0V A=0A range=172.2mi port=Off
[2026-03-27 05:26:27] level=73% usable=72% state=Complete V=0V A=0A range=171.77mi port=Off
[2026-03-27 05:27:28] level=73% usable=72% state=Complete V=0V A=0A range=171.73mi port=Off
[2026-03-27 05:28:29] level=73% usable=72% state=Complete V=0V A=0A range=171.77mi port=Off
[2026-03-27 05:29:43] level=73% usable=72% state=Complete V=0V A=0A range=172.2mi port=Off
[2026-03-27 05:30:45] level=73% usable=72% state=Complete V=0V A=0A range=171.77mi port=Off
[2026-03-27 05:31:47] level=73% usable=72% state=Complete V=0V A=0A range=171.77mi port=Off
[2026-03-27 05:31:47] ALERTS(2): BMS_u018_SOC_Imbalance_Limiting | BMS_w017_SW_Brick_OV
[2026-03-27 05:32:54] level=73% usable=72% state=Complete V=0V A=0A range=171.73mi port=Off
[2026-03-27 05:34:09] level=73% usable=72% state=Complete V=0V A=0A range=171.77mi port=Off
[2026-03-27 05:35:11] level=73% usable=72% state=Complete V=0V A=0A range=171.73mi port=Off
[2026-03-27 05:37:21] level=73% usable=72% state=Complete V=0V A=0A range=171.77mi port=Off
[2026-03-27 05:38:24] level=73% usable=72% state=Complete V=0V A=0A range=171.73mi port=Off
[2026-03-27 05:39:25] level=73% usable=72% state=Complete V=0V A=0A range=171.73mi port=Off
[2026-03-27 05:40:26] level=73% usable=72% state=Complete V=0V A=0A range=171.73mi port=Off
[2026-03-27 05:41:27] level=73% usable=72% state=Complete V=0V A=0A range=171.73mi port=Off
[2026-03-27 05:42:28] level=73% usable=72% state=Complete V=0V A=0A range=171.73mi port=Off
[2026-03-27 05:42:28] ALERTS(2): BMS_u018_SOC_Imbalance_Limiting | BMS_w017_SW_Brick_OV
[2026-03-27 05:43:32] level=73% usable=72% state=Complete V=0V A=0A range=171.73mi port=Off
[2026-03-27 05:44:32] level=73% usable=72% state=Complete V=0V A=0A range=171.73mi port=Off
[2026-03-27 05:45:33] level=73% usable=72% state=Complete V=0V A=0A range=171.7mi port=Off
[2026-03-27 05:46:34] level=73% usable=72% state=Complete V=0V A=0A range=171.73mi port=Off
[2026-03-27 05:47:35] level=73% usable=72% state=Complete V=0V A=0A range=171.73mi port=Off
[2026-03-27 05:48:36] level=73% usable=72% state=Complete V=0V A=0A range=171.73mi port=Off
[2026-03-27 05:49:38] level=73% usable=72% state=Complete V=0V A=0A range=171.73mi port=Off
[2026-03-27 05:50:39] level=73% usable=72% state=Complete V=0V A=0A range=171.73mi port=Off
[2026-03-27 05:51:41] level=73% usable=72% state=Complete V=0V A=0A range=171.7mi port=Off
