[2026-03-26 11:29:58] level=92% usable=92% state=Complete V=0V A=0A kW=0kW range=205.04mi
[2026-03-26 11:30:59] level=93% usable=92% state=Complete V=0V A=0A kW=0kW range=205.13mi
[2026-03-26 11:32:01] level=93% usable=92% state=Complete V=0V A=0A kW=0kW range=204.76mi
[2026-03-26 11:33:03] level=93% usable=92% state=Complete V=0V A=0A kW=0kW range=204.34mi
[2026-03-26 11:34:05] level=93% usable=92% state=Complete V=0V A=0A kW=0kW range=204.34mi
[2026-03-26 11:35:06] level=93% usable=92% state=Complete V=0V A=0A kW=0kW range=204.34mi
[2026-03-26 11:36:08] level=93% usable=92% state=Complete V=0V A=0A kW=0kW range=204.34mi
[2026-03-26 11:37:10] level=93% usable=92% state=Complete V=0V A=0A kW=0kW range=204.34mi
[2026-03-26 11:38:12] level=93% usable=92% state=Complete V=0V A=0A kW=0kW range=204.34mi
[2026-03-26 11:39:13] level=93% usable=92% state=Complete V=0V A=0A kW=0kW range=204.34mi
[2026-03-26 11:40:14] level=93% usable=92% state=Complete V=0V A=0A kW=0kW range=204.34mi
[2026-03-26 11:41:15] level=93% usable=92% state=Complete V=0V A=0A kW=0kW range=204.34mi
[2026-03-26 11:42:18] level=93% usable=92% state=Complete V=0V A=0A kW=0kW range=204.34mi
[2026-03-26 11:43:19] level=93% usable=92% state=Complete V=0V A=0A kW=0kW range=204.34mi
[2026-03-26 11:44:20] level=93% usable=92% state=Complete V=0V A=0A kW=0kW range=204.34mi
[2026-03-26 11:45:21] level=93% usable=92% state=Complete V=0V A=0A kW=0kW range=204.34mi
[2026-03-26 11:46:22] level=93% usable=92% state=Complete V=0V A=0A kW=0kW range=204.34mi
[2026-03-26 11:47:24] level=93% usable=92% state=Complete V=0V A=0A kW=0kW range=204.34mi
[2026-03-26 11:48:26] level=93% usable=92% state=Complete V=0V A=0A kW=0kW range=204.34mi
[2026-03-26 11:49:26] level=93% usable=92% state=Complete V=0V A=0A kW=0kW range=204.34mi
[2026-03-26 11:50:27] level=93% usable=92% state=Complete V=0V A=0A kW=0kW range=204.34mi
[2026-03-26 11:51:28] level=93% usable=92% state=Complete V=0V A=0A kW=0kW range=204.34mi
[2026-03-26 11:52:29] level=93% usable=92% state=Complete V=0V A=0A kW=0kW range=204.34mi
[2026-03-26 11:53:30] level=93% usable=92% state=Complete V=0V A=0A kW=0kW range=204.34mi
[2026-03-26 11:54:33] level=93% usable=93% state=Disconnected V=0V A=0A kW=0kW range=204.44mi
[2026-03-26 11:55:35] level=93% usable=93% state=Complete V=0V A=0A kW=0kW range=204.44mi
[2026-03-26 11:56:36] level=93% usable=93% state=Complete V=0V A=0A kW=0kW range=204.44mi
[2026-03-26 11:57:39] level=93% usable=93% state=Complete V=0V A=0A kW=0kW range=204.44mi
[2026-03-26 11:58:40] level=93% usable=93% state=Complete V=0V A=0A kW=0kW range=204.44mi
[2026-03-26 11:59:41] level=93% usable=93% state=Complete V=0V A=0A kW=0kW range=204.44mi
[2026-03-26 12:00:42] level=93% usable=93% state=Complete V=0V A=0A kW=0kW range=204.44mi
[2026-03-26 12:01:43] level=93% usable=93% state=Complete V=0V A=0A kW=0kW range=204.44mi
[2026-03-26 12:02:44] level=93% usable=93% state=Complete V=0V A=0A kW=0kW range=204.44mi
[2026-03-26 12:03:45] level=93% usable=93% state=Complete V=0V A=0A kW=0kW range=204.44mi
[2026-03-26 12:04:46] level=93% usable=93% state=Complete V=0V A=0A kW=0kW range=204.44mi
[2026-03-26 12:05:47] level=93% usable=93% state=Complete V=0V A=0A kW=0kW range=204.44mi
[2026-03-26 12:06:48] level=93% usable=93% state=Complete V=0V A=0A kW=0kW range=204.44mi
[2026-03-26 12:07:53] level=93% usable=93% state=Complete V=0V A=0A kW=0kW range=204.44mi
[2026-03-26 12:08:54] level=93% usable=93% state=Complete V=0V A=0A kW=0kW range=204.44mi
[2026-03-26 12:09:55] level=93% usable=93% state=Complete V=0V A=0A kW=0kW range=204.44mi
[2026-03-26 12:10:56] level=93% usable=93% state=Complete V=0V A=0A kW=0kW range=204.44mi
[2026-03-26 12:11:59] level=93% usable=93% state=Complete V=0V A=0A kW=0kW range=204.44mi
[2026-03-26 12:13:00] level=93% usable=93% state=Complete V=0V A=0A kW=0kW range=204.44mi
[2026-03-26 12:14:01] level=93% usable=93% state=Complete V=0V A=0A kW=0kW range=204.44mi
[2026-03-26 12:15:02] level=93% usable=93% state=Complete V=0V A=0A kW=0kW range=204.44mi
[2026-03-26 12:16:03] level=93% usable=93% state=Complete V=0V A=0A kW=0kW range=204.44mi
[2026-03-26 12:17:05] level=93% usable=93% state=Complete V=0V A=0A kW=0kW range=204.44mi
[2026-03-26 12:18:07] level=93% usable=93% state=Complete V=0V A=0A kW=0kW range=204.44mi
[2026-03-26 12:19:08] level=93% usable=93% state=Complete V=0V A=0A kW=0kW range=204.44mi
[2026-03-26 12:20:10] level=93% usable=93% state=Complete V=0V A=0A kW=0kW range=204.44mi
[2026-03-26 12:21:11] level=93% usable=93% state=Complete V=0V A=0A kW=0kW range=204.44mi
[2026-03-26 12:22:12] level=93% usable=93% state=Complete V=0V A=0A kW=0kW range=204.44mi
[2026-03-26 12:23:15] level=93% usable=93% state=Complete V=0V A=0A kW=0kW range=204.44mi
[2026-03-26 12:24:17] level=93% usable=93% state=Complete V=0V A=0A kW=0kW range=204.44mi
[2026-03-26 12:25:22] level=93% usable=93% state=Complete V=0V A=0A kW=0kW range=204.44mi
[2026-03-26 12:26:24] level=93% usable=93% state=Complete V=0V A=0A kW=0kW range=204.44mi
[2026-03-26 12:27:26] level=93% usable=93% state=Complete V=0V A=0A kW=0kW range=204.44mi
[2026-03-26 12:28:27] level=93% usable=93% state=Complete V=0V A=0A kW=0kW range=204.44mi
[2026-03-26 12:29:28] level=93% usable=93% state=Complete V=0V A=0A kW=0kW range=204.44mi
[2026-03-26 12:30:29] level=93% usable=93% state=Complete V=NoneV A=NoneA kW=NonekW range=204.44mi
[2026-03-26 12:31:30] level=93% usable=93% state=Complete V=1V A=0A kW=0kW range=204.44mi
[2026-03-26 12:32:31] level=93% usable=93% state=Complete V=1V A=0A kW=0kW range=204.44mi
[2026-03-26 12:33:32] level=93% usable=93% state=Complete V=0V A=0A kW=0kW range=204.44mi
[2026-03-26 12:34:33] level=93% usable=93% state=Complete V=0V A=0A kW=0kW range=204.44mi
[2026-03-26 12:35:35] level=93% usable=93% state=Complete V=0V A=0A kW=0kW range=204.44mi
[2026-03-26 12:36:36] level=93% usable=93% state=Complete V=0V A=0A kW=0kW range=204.44mi
[2026-03-26 12:37:37] level=93% usable=93% state=Complete V=0V A=0A kW=0kW range=204.44mi
[2026-03-26 12:38:40] level=93% usable=93% state=Complete V=0V A=0A kW=0kW range=204.44mi
[2026-03-26 12:39:41] level=93% usable=93% state=Complete V=0V A=0A kW=0kW range=204.44mi
[2026-03-26 12:40:42] level=93% usable=93% state=Complete V=0V A=0A kW=0kW range=204.44mi
[2026-03-26 12:41:43] level=93% usable=93% state=Complete V=0V A=0A kW=0kW range=204.44mi
[2026-03-26 12:42:44] level=93% usable=93% state=Complete V=0V A=0A kW=0kW range=204.44mi
[2026-03-26 12:43:45] level=93% usable=93% state=Complete V=0V A=0A kW=0kW range=204.44mi
[2026-03-26 12:44:46] level=93% usable=93% state=Complete V=0V A=0A kW=0kW range=204.44mi
[2026-03-26 12:45:47] level=93% usable=93% state=Complete V=0V A=0A kW=0kW range=204.44mi
[2026-03-26 12:46:48] level=93% usable=93% state=Complete V=0V A=0A kW=0kW range=204.44mi
[2026-03-26 12:47:49] level=93% usable=93% state=Complete V=0V A=0A kW=0kW range=204.44mi
[2026-03-26 12:48:49] level=93% usable=93% state=Complete V=0V A=0A kW=0kW range=204.44mi
[2026-03-26 12:49:51] level=93% usable=93% state=Complete V=0V A=0A kW=0kW range=204.44mi
[2026-03-26 12:50:51] level=93% usable=93% state=Complete V=0V A=0A kW=0kW range=204.44mi
[2026-03-26 12:51:52] level=93% usable=93% state=Complete V=0V A=0A kW=0kW range=204.44mi
[2026-03-26 12:52:53] level=93% usable=93% state=Complete V=0V A=0A kW=0kW range=204.44mi
[2026-03-26 12:53:54] level=93% usable=93% state=Complete V=0V A=0A kW=0kW range=204.44mi
[2026-03-26 12:54:55] level=93% usable=93% state=Complete V=0V A=0A kW=0kW range=204.44mi
[2026-03-26 12:55:57] level=93% usable=93% state=Complete V=0V A=0A kW=0kW range=204.44mi
[2026-03-26 12:56:57] level=93% usable=93% state=Complete V=0V A=0A kW=0kW range=204.44mi
[2026-03-26 12:57:58] level=93% usable=93% state=Complete V=0V A=0A kW=0kW range=204.44mi
[2026-03-26 12:58:59] level=93% usable=93% state=Complete V=0V A=0A kW=0kW range=204.44mi
[2026-03-26 13:00:00] level=93% usable=93% state=Complete V=0V A=0A kW=0kW range=204.44mi
[2026-03-26 13:01:01] level=93% usable=93% state=Complete V=0V A=0A kW=0kW range=204.44mi
[2026-03-26 13:02:02] level=93% usable=93% state=Disconnected V=0V A=0A kW=0kW range=204.44mi
[2026-03-26 13:03:03] level=93% usable=93% state=Disconnected V=1V A=0A kW=0kW range=204.44mi
[2026-03-26 13:04:04] level=93% usable=92% state=Disconnected V=0V A=0A kW=0kW range=203.03mi
[2026-03-26 13:05:05] level=93% usable=92% state=Disconnected V=1V A=0A kW=0kW range=202.56mi
[2026-03-26 13:06:05] level=92% usable=92% state=Disconnected V=0V A=0A kW=0kW range=202.09mi
[2026-03-26 13:07:06] level=92% usable=92% state=Disconnected V=0V A=0A kW=0kW range=202.09mi
[2026-03-26 13:08:07] level=92% usable=92% state=Disconnected V=0V A=0A kW=0kW range=202.09mi
[2026-03-26 13:09:09] level=92% usable=91% state=Disconnected V=0V A=0A kW=0kW range=201.15mi
[2026-03-26 13:10:09] level=92% usable=91% state=Disconnected V=0V A=0A kW=0kW range=201.15mi
[2026-03-26 13:11:10] level=91% usable=91% state=Disconnected V=0V A=0A kW=0kW range=199.27mi
[2026-03-26 13:12:11] level=91% usable=91% state=Disconnected V=0V A=0A kW=0kW range=199.27mi
[2026-03-26 13:13:12] level=91% usable=90% state=Disconnected V=0V A=0A kW=0kW range=199.27mi
[2026-03-26 13:14:13] level=91% usable=90% state=Disconnected V=1V A=0A kW=0kW range=198.8mi
[2026-03-26 13:15:14] level=90% usable=89% state=Disconnected V=1V A=0A kW=0kW range=196.92mi
[2026-03-26 13:16:16] level=89% usable=89% state=Disconnected V=0V A=0A kW=0kW range=195.98mi
[2026-03-26 13:17:16] level=89% usable=88% state=Disconnected V=0V A=0A kW=0kW range=195.04mi
[2026-03-26 13:18:18] level=87% usable=87% state=Disconnected V=0V A=0A kW=0kW range=192.22mi
[2026-03-26 13:19:19] level=87% usable=87% state=Disconnected V=0V A=0A kW=0kW range=192.22mi
[2026-03-26 13:20:19] level=86% usable=86% state=Disconnected V=0V A=0A kW=0kW range=189.87mi
[2026-03-26 13:21:20] level=85% usable=85% state=Disconnected V=0V A=0A kW=0kW range=187.99mi
[2026-03-26 13:22:21] level=85% usable=85% state=Disconnected V=0V A=0A kW=0kW range=186.58mi
[2026-03-26 13:23:22] level=84% usable=84% state=Disconnected V=0V A=0A kW=0kW range=185.64mi
[2026-03-26 13:24:23] level=84% usable=84% state=Disconnected V=0V A=0A kW=0kW range=184.7mi
[2026-03-26 13:25:24] level=84% usable=84% state=Disconnected V=0V A=0A kW=0kW range=184.23mi
[2026-03-26 13:26:25] level=83% usable=83% state=Charging V=236V A=38A kW=8kW range=183.76mi
[2026-03-26 13:27:25] level=84% usable=84% state=Charging V=239V A=28A kW=7kW range=184.23mi
[2026-03-26 13:28:26] level=84% usable=84% state=Complete V=242V A=18A kW=4kW range=184.23mi
[2026-03-26 13:29:27] level=84% usable=84% state=Complete V=242V A=18A kW=4kW range=184.23mi
[2026-03-26 13:30:28] level=83% usable=83% state=Disconnected V=0V A=0A kW=0kW range=183.76mi
[2026-03-26 13:31:29] level=83% usable=83% state=Complete V=0V A=0A kW=0kW range=183.76mi
[2026-03-26 13:32:30] level=83% usable=83% state=Complete V=0V A=0A kW=0kW range=183.29mi
[2026-03-26 13:33:33] level=83% usable=83% state=Disconnected V=0V A=0A kW=0kW range=182.82mi
[2026-03-26 13:34:34] level=83% usable=83% state=Complete V=0V A=0A kW=0kW range=182.35mi
[2026-03-26 13:35:34] level=83% usable=83% state=Complete V=0V A=0A kW=0kW range=182.35mi
[2026-03-26 13:36:35] level=83% usable=83% state=Complete V=0V A=0A kW=0kW range=181.88mi
[2026-03-26 13:37:36] level=82% usable=82% state=Complete V=0V A=0A kW=0kW range=181.41mi
[2026-03-26 13:38:37] level=82% usable=82% state=Complete V=0V A=0A kW=0kW range=181.41mi
[2026-03-26 13:39:38] level=82% usable=82% state=Complete V=0V A=0A kW=0kW range=180.94mi
[2026-03-26 13:40:39] level=82% usable=82% state=Complete V=0V A=0A kW=0kW range=180.47mi
[2026-03-26 13:41:41] level=82% usable=82% state=Complete V=0V A=0A kW=0kW range=180.47mi
[2026-03-26 13:42:41] level=82% usable=82% state=Complete V=0V A=0A kW=0kW range=180.0mi
[2026-03-26 13:43:42] level=81% usable=81% state=Complete V=0V A=0A kW=0kW range=179.53mi
[2026-03-26 13:44:43] level=81% usable=81% state=Complete V=0V A=0A kW=0kW range=179.53mi
[2026-03-26 13:45:44] level=81% usable=81% state=Complete V=0V A=0A kW=0kW range=179.06mi
[2026-03-26 13:46:45] level=81% usable=81% state=Complete V=0V A=0A kW=0kW range=178.59mi
[2026-03-26 13:47:45] level=81% usable=81% state=Complete V=0V A=0A kW=0kW range=178.59mi
[2026-03-26 13:48:47] level=81% usable=81% state=Complete V=0V A=0A kW=0kW range=178.12mi
[2026-03-26 13:49:48] level=81% usable=81% state=Complete V=0V A=0A kW=0kW range=177.65mi
[2026-03-26 13:50:48] level=81% usable=81% state=Complete V=0V A=0A kW=0kW range=177.65mi
[2026-03-26 13:51:49] level=80% usable=80% state=Complete V=0V A=0A kW=0kW range=177.18mi
[2026-03-26 13:52:50] level=80% usable=80% state=Complete V=0V A=0A kW=0kW range=177.18mi
[2026-03-26 13:53:51] level=80% usable=80% state=Complete V=0V A=0A kW=0kW range=177.18mi
[2026-03-26 13:54:53] level=80% usable=80% state=Complete V=0V A=0A kW=0kW range=177.18mi
[2026-03-26 13:55:54] level=80% usable=80% state=Complete V=0V A=0A kW=0kW range=177.18mi
[2026-03-26 13:56:55] level=80% usable=80% state=Complete V=0V A=0A kW=0kW range=177.18mi
[2026-03-26 13:57:56] level=80% usable=80% state=Complete V=0V A=0A kW=0kW range=177.18mi
[2026-03-26 13:58:57] level=80% usable=80% state=Complete V=0V A=0A kW=0kW range=177.18mi
[2026-03-26 13:59:58] level=80% usable=80% state=Complete V=0V A=0A kW=0kW range=177.18mi
[2026-03-26 14:00:58] level=80% usable=80% state=Complete V=0V A=0A kW=0kW range=169.53mi
[2026-03-26 14:02:00] level=88% usable=88% state=Complete V=0V A=0A kW=0kW range=171.47mi
[2026-03-26 14:03:01] level=87% usable=87% state=Complete V=0V A=0A kW=0kW range=165.11mi
[2026-03-26 14:04:01] level=86% usable=86% state=Complete V=0V A=0A kW=0kW range=157.45mi
[2026-03-26 14:05:02] level=95% usable=95% state=Complete V=0V A=0A kW=0kW range=159.66mi
[2026-03-26 14:06:04] level=95% usable=95% state=Complete V=0V A=0A kW=0kW range=149.58mi
[2026-03-26 14:07:05] level=100% usable=100% state=Complete V=0V A=0A kW=0kW range=150.83mi
[2026-03-26 14:08:06] level=100% usable=100% state=Complete V=0V A=0A kW=0kW range=136.25mi
[2026-03-26 14:09:07] level=100% usable=100% state=Complete V=0V A=0A kW=0kW range=136.25mi
[2026-03-26 14:10:08] level=100% usable=100% state=Complete V=0V A=0A kW=0kW range=136.25mi
[2026-03-26 14:11:08] level=100% usable=100% state=Complete V=0V A=0A kW=0kW range=123.33mi
[2026-03-26 14:12:09] level=100% usable=100% state=Complete V=0V A=0A kW=0kW range=123.33mi
[2026-03-26 14:13:10] level=100% usable=100% state=Complete V=0V A=0A kW=0kW range=106.25mi
[2026-03-26 14:14:18] level=100% usable=100% state=Complete V=0V A=0A kW=0kW range=106.25mi
[2026-03-26 14:15:19] level=100% usable=100% state=Complete V=0V A=0A kW=0kW range=104.58mi
[2026-03-26 14:16:20] level=100% usable=100% state=Complete V=0V A=0A kW=0kW range=104.58mi
[2026-03-26 14:17:21] level=100% usable=100% state=Complete V=0V A=0A kW=0kW range=104.58mi
[2026-03-26 14:18:21] level=100% usable=100% state=Complete V=0V A=0A kW=0kW range=90.0mi
[2026-03-26 14:19:22] level=100% usable=100% state=Complete V=0V A=0A kW=0kW range=90.0mi
[2026-03-26 14:20:23] level=100% usable=100% state=Complete V=0V A=0A kW=0kW range=70.83mi
[2026-03-26 14:21:24] level=100% usable=100% state=Complete V=0V A=0A kW=0kW range=70.83mi
[2026-03-26 14:22:24] level=100% usable=100% state=Complete V=0V A=0A kW=0kW range=70.83mi
[2026-03-26 14:23:25] level=100% usable=100% state=Complete V=0V A=0A kW=0kW range=70.83mi
[2026-03-26 14:24:26] level=100% usable=100% state=Complete V=0V A=0A kW=0kW range=70.83mi
[2026-03-26 14:25:27] level=100% usable=100% state=Complete V=0V A=0A kW=0kW range=70.83mi
[2026-03-26 14:26:28] level=100% usable=100% state=Complete V=0V A=0A kW=0kW range=70.83mi
[2026-03-26 14:27:30] level=100% usable=100% state=Disconnected V=0V A=0A kW=0kW range=70.83mi
[2026-03-26 14:28:31] level=100% usable=100% state=Disconnected V=0V A=0A kW=0kW range=70.83mi
[2026-03-26 14:29:32] level=100% usable=100% state=Disconnected V=0V A=0A kW=0kW range=70.83mi
[2026-03-26 17:35:50] level=100% usable=98% state=Disconnected V=0V A=0A kW=0kW range=71.23mi
[2026-03-26 17:36:51] level=100% usable=98% state=Disconnected V=0V A=0A kW=0kW range=71.23mi
[2026-03-26 17:37:52] level=100% usable=98% state=Disconnected V=0V A=0A kW=0kW range=71.23mi
[2026-03-26 17:38:52] level=100% usable=98% state=Disconnected V=0V A=0A kW=0kW range=71.23mi
[2026-03-26 17:39:53] level=100% usable=98% state=Disconnected V=0V A=0A kW=0kW range=71.23mi
[2026-03-26 17:40:53] level=100% usable=98% state=Disconnected V=0V A=0A kW=0kW range=71.23mi
[2026-03-26 17:41:54] level=100% usable=98% state=Disconnected V=0V A=0A kW=0kW range=71.23mi
[2026-03-26 17:42:55] level=100% usable=98% state=Disconnected V=0V A=0A kW=0kW range=71.23mi
[2026-03-26 17:43:55] level=100% usable=98% state=Disconnected V=0V A=0A kW=0kW range=71.23mi
[2026-03-26 17:44:57] level=100% usable=98% state=Disconnected V=0V A=0A kW=0kW range=71.23mi
[2026-03-26 17:45:57] level=100% usable=98% state=Disconnected V=0V A=0A kW=0kW range=71.23mi
[2026-03-26 17:46:58] level=100% usable=98% state=Disconnected V=0V A=0A kW=0kW range=71.23mi
[2026-03-26 17:48:00] level=100% usable=98% state=Disconnected V=0V A=0A kW=0kW range=71.23mi
[2026-03-26 17:49:01] level=100% usable=98% state=Disconnected V=0V A=0A kW=0kW range=71.23mi
[2026-03-26 17:50:02] level=100% usable=98% state=Disconnected V=0V A=0A kW=0kW range=71.23mi
[2026-03-26 17:51:03] level=100% usable=99% state=Disconnected V=0V A=0A kW=0kW range=71.45mi
[2026-03-26 17:52:03] level=100% usable=98% state=Disconnected V=0V A=0A kW=0kW range=70.81mi
[2026-03-26 17:53:04] level=100% usable=98% state=Disconnected V=0V A=0A kW=0kW range=70.81mi
[2026-03-26 17:54:05] level=100% usable=98% state=Disconnected V=0V A=0A kW=0kW range=70.81mi
[2026-03-26 17:55:05] level=100% usable=98% state=Disconnected V=0V A=0A kW=0kW range=70.81mi
[2026-03-26 17:56:06] level=100% usable=98% state=Disconnected V=0V A=0A kW=0kW range=70.81mi
[2026-03-26 17:57:07] level=100% usable=98% state=Disconnected V=0V A=0A kW=0kW range=70.81mi
[2026-03-26 17:58:07] level=100% usable=98% state=Disconnected V=0V A=0A kW=0kW range=70.81mi
[2026-03-26 17:59:08] level=100% usable=98% state=Disconnected V=0V A=0A kW=0kW range=70.81mi
[2026-03-26 18:00:09] level=100% usable=98% state=Disconnected V=0V A=0A kW=0kW range=70.81mi
[2026-03-26 18:01:10] level=100% usable=98% state=Disconnected V=0V A=0A kW=0kW range=70.81mi
[2026-03-26 18:02:11] level=100% usable=98% state=Disconnected V=0V A=0A kW=0kW range=70.81mi
[2026-03-26 18:03:11] level=100% usable=98% state=Disconnected V=0V A=0A kW=0kW range=70.81mi
[2026-03-26 18:04:12] level=100% usable=98% state=Disconnected V=0V A=0A kW=0kW range=70.81mi
[2026-03-26 18:05:12] level=100% usable=98% state=Disconnected V=0V A=0A kW=0kW range=70.81mi
[2026-03-26 18:06:14] level=100% usable=98% state=Disconnected V=0V A=0A kW=0kW range=70.81mi
[2026-03-26 18:07:15] level=100% usable=98% state=Disconnected V=0V A=0A kW=0kW range=70.81mi
[2026-03-26 18:08:15] level=100% usable=98% state=Disconnected V=0V A=0A kW=0kW range=70.81mi
[2026-03-26 18:09:16] level=100% usable=98% state=Disconnected V=0V A=0A kW=0kW range=70.81mi
[2026-03-26 18:10:16] level=100% usable=98% state=Disconnected V=0V A=0A kW=0kW range=70.81mi
[2026-03-26 18:11:17] level=100% usable=98% state=Disconnected V=0V A=0A kW=0kW range=70.81mi
[2026-03-26 18:12:18] level=100% usable=98% state=Disconnected V=0V A=0A kW=0kW range=70.81mi
[2026-03-26 18:13:18] level=100% usable=98% state=Disconnected V=0V A=0A kW=0kW range=70.81mi
[2026-03-26 18:14:19] level=100% usable=98% state=Disconnected V=0V A=0A kW=0kW range=70.81mi
[2026-03-26 18:15:20] level=100% usable=98% state=Disconnected V=0V A=0A kW=0kW range=70.81mi
[2026-03-26 18:16:21] level=100% usable=97% state=Disconnected V=0V A=0A kW=0kW range=70.17mi
[2026-03-26 18:17:22] level=100% usable=97% state=Disconnected V=0V A=0A kW=0kW range=70.17mi
[2026-03-26 18:18:22] level=100% usable=97% state=Disconnected V=0V A=0A kW=0kW range=70.17mi
[2026-03-26 18:19:23] level=100% usable=98% state=Disconnected V=0V A=0A kW=0kW range=70.39mi
[2026-03-26 18:20:24] level=100% usable=98% state=Disconnected V=0V A=0A kW=0kW range=70.39mi
[2026-03-26 18:21:24] level=100% usable=98% state=Disconnected V=0V A=0A kW=0kW range=70.39mi
[2026-03-26 18:22:25] level=100% usable=98% state=Disconnected V=0V A=0A kW=0kW range=70.39mi
[2026-03-26 18:23:26] level=100% usable=98% state=Disconnected V=0V A=0A kW=0kW range=70.39mi
[2026-03-26 18:24:27] level=100% usable=98% state=Disconnected V=0V A=0A kW=0kW range=70.39mi
[2026-03-26 18:25:27] level=100% usable=98% state=Disconnected V=0V A=0A kW=0kW range=70.39mi
[2026-03-26 18:26:28] level=100% usable=98% state=Disconnected V=0V A=0A kW=0kW range=70.39mi
[2026-03-26 18:27:28] level=100% usable=98% state=Disconnected V=0V A=0A kW=0kW range=70.39mi
[2026-03-26 18:28:29] level=100% usable=98% state=Disconnected V=0V A=0A kW=0kW range=70.39mi
[2026-03-26 18:29:30] level=100% usable=98% state=Disconnected V=0V A=0A kW=0kW range=70.39mi
[2026-03-26 18:30:31] level=100% usable=98% state=Disconnected V=0V A=0A kW=0kW range=70.39mi
[2026-03-26 18:31:32] level=100% usable=98% state=Disconnected V=0V A=0A kW=0kW range=70.39mi
[2026-03-26 18:32:33] level=100% usable=98% state=Disconnected V=0V A=0A kW=0kW range=70.39mi
[2026-03-26 18:33:33] level=100% usable=98% state=Disconnected V=0V A=0A kW=0kW range=70.39mi
[2026-03-26 18:34:34] level=100% usable=98% state=Disconnected V=0V A=0A kW=0kW range=70.39mi
[2026-03-26 18:35:34] level=100% usable=98% state=Disconnected V=0V A=0A kW=0kW range=70.39mi
[2026-03-26 18:36:35] level=100% usable=98% state=Disconnected V=0V A=0A kW=0kW range=70.39mi
[2026-03-26 18:37:37] level=100% usable=98% state=Disconnected V=0V A=0A kW=0kW range=70.39mi
[2026-03-26 18:38:37] level=100% usable=98% state=Disconnected V=0V A=0A kW=0kW range=70.39mi
[2026-03-26 18:39:38] level=100% usable=98% state=Disconnected V=0V A=0A kW=0kW range=70.39mi
[2026-03-26 18:40:39] level=100% usable=97% state=Disconnected V=0V A=0A kW=0kW range=69.75mi
[2026-03-26 18:41:39] level=100% usable=97% state=Disconnected V=0V A=0A kW=0kW range=69.75mi
[2026-03-26 18:42:41] level=100% usable=97% state=Disconnected V=0V A=0A kW=0kW range=69.75mi
[2026-03-26 18:43:41] level=100% usable=97% state=Disconnected V=0V A=0A kW=0kW range=69.75mi
[2026-03-26 18:44:42] level=100% usable=97% state=Disconnected V=0V A=0A kW=0kW range=69.75mi
[2026-03-26 18:45:43] level=100% usable=97% state=Disconnected V=0V A=0A kW=0kW range=69.75mi
[2026-03-26 18:46:45] level=100% usable=98% state=Disconnected V=0V A=0A kW=0kW range=69.97mi
[2026-03-26 18:47:45] level=100% usable=98% state=Disconnected V=0V A=0A kW=0kW range=69.97mi
[2026-03-26 18:48:46] level=100% usable=98% state=Disconnected V=0V A=0A kW=0kW range=69.97mi
[2026-03-26 18:49:47] level=100% usable=98% state=Disconnected V=0V A=0A kW=0kW range=69.32mi
[2026-03-26 18:50:48] level=100% usable=98% state=Disconnected V=1V A=0A kW=0kW range=68.48mi
[2026-03-26 18:51:48] level=100% usable=97% state=Disconnected V=0V A=0A kW=0kW range=68.06mi
[2026-03-26 18:52:50] level=100% usable=97% state=Disconnected V=1V A=0A kW=0kW range=67.21mi
[2026-03-26 18:53:51] level=100% usable=98% state=Disconnected V=1V A=0A kW=0kW range=67.21mi
[2026-03-26 18:54:52] level=100% usable=97% state=Disconnected V=0V A=0A kW=0kW range=65.51mi
[2026-03-26 18:55:53] level=100% usable=97% state=Disconnected V=0V A=0A kW=0kW range=64.67mi
[2026-03-26 18:56:54] level=100% usable=97% state=Disconnected V=0V A=0A kW=0kW range=64.24mi
[2026-03-26 18:57:55] level=100% usable=97% state=Disconnected V=0V A=0A kW=0kW range=63.39mi
[2026-03-26 18:58:55] level=100% usable=97% state=Disconnected V=0V A=0A kW=0kW range=63.39mi
[2026-03-26 18:59:58] level=100% usable=97% state=Disconnected V=0V A=0A kW=0kW range=63.39mi
[2026-03-26 19:00:59] level=100% usable=97% state=Disconnected V=1V A=0A kW=0kW range=63.39mi
[2026-03-26 19:02:00] level=100% usable=97% state=Disconnected V=1V A=0A kW=0kW range=63.39mi
[2026-03-26 19:03:01] level=100% usable=98% state=Disconnected V=1V A=0A kW=0kW range=63.65mi
[2026-03-26 19:04:01] level=100% usable=98% state=Disconnected V=0V A=0A kW=0kW range=63.65mi
[2026-03-26 19:05:02] level=100% usable=98% state=Disconnected V=0V A=0A kW=0kW range=63.65mi
[2026-03-26 19:06:03] level=100% usable=98% state=Disconnected V=0V A=0A kW=0kW range=63.65mi
[2026-03-26 19:07:03] level=100% usable=97% state=Disconnected V=0V A=0A kW=0kW range=62.97mi
[2026-03-26 19:08:04] level=100% usable=97% state=Disconnected V=0V A=0A kW=0kW range=62.97mi
[2026-03-26 19:09:05] level=100% usable=97% state=Disconnected V=0V A=0A kW=0kW range=62.97mi
[2026-03-26 19:10:06] level=100% usable=97% state=Disconnected V=0V A=0A kW=0kW range=62.97mi
[2026-03-26 19:14:26] level=100% usable=97% state=Disconnected V=0V A=0A kW=0kW range=62.97mi
[2026-03-26 19:15:27] level=100% usable=97% state=Disconnected V=0V A=0A kW=0kW range=62.97mi
[2026-03-26 19:16:28] level=100% usable=97% state=Disconnected V=0V A=0A kW=0kW range=62.97mi
[2026-03-26 19:17:30] level=100% usable=98% state=Disconnected V=0V A=0A kW=0kW range=63.22mi
[2026-03-26 19:18:30] level=100% usable=98% state=Disconnected V=0V A=0A kW=0kW range=63.22mi
[2026-03-26 19:19:31] level=100% usable=98% state=Disconnected V=0V A=0A kW=0kW range=63.22mi
[2026-03-26 19:20:32] level=100% usable=98% state=Disconnected V=0V A=0A kW=0kW range=63.22mi
[2026-03-26 19:21:33] TOKEN EXPIRED - needs refresh
